{"meta": {"format": 3, "version": "7.12.0", "timestamp": "2025-11-27T16:24:54.676512", "branch_coverage": false, "show_contexts": false}, "files": {"dev/__init__.py": {"executed_lines": [1, 43, 44, 47, 48, 50], "summary": {"covered_lines": 5, "num_statements": 5, "percent_covered": 100.0, "percent_covered_display": "100", "missing_lines": 0, "excluded_lines": 0, "percent_statements_covered": 100.0, "percent_statements_covered_display": "100"}, "missing_lines": [], "excluded_lines": [], "functions": {"": {"executed_lines": [1, 43, 44, 47, 48, 50], "summary": {"covered_lines": 5, "num_statements": 5, "percent_covered": 100.0, "percent_covered_display": "100", "missing_lines": 0, "excluded_lines": 0, "percent_statements_covered": 100.0, "percent_statements_covered_display": "100"}, "missing_lines": [], "excluded_lines": []}}, "classes": {"": {"executed_lines": [1, 43, 44, 47, 48, 50], "summary": {"covered_lines": 5, "num_statements": 5, "percent_covered": 100.0, "percent_covered_display": "100", "missing_lines": 0, "excluded_lines": 0, "percent_statements_covered": 100.0, "percent_statements_covered_display": "100"}, "missing_lines": [], "excluded_lines": []}}}, "dev/ai/__init__.py": {"executed_lines": [1, 10, 18, 19, 20, 26, 27, 33, 41, 42, 48, 57], "summary": {"covered_lines": 11, "num_statements": 27, "percent_covered": 40.74074074074074, "percent_covered_display": "41", "missing_lines": 16, "excluded_lines": 0, "percent_statements_covered": 40.74074074074074, "percent_statements_covered_display": "41"}, "missing_lines": [21, 22, 23, 24, 34, 35, 36, 37, 38, 39, 49, 50, 51, 52, 53, 54], "excluded_lines": [], "functions": {"": {"executed_lines": [1, 10, 18, 19, 20, 26, 27, 33, 41, 42, 48, 57], "summary": {"covered_lines": 11, "num_statements": 27, "percent_covered": 40.74074074074074, "percent_covered_display": "41", "missing_lines": 16, "excluded_lines": 0, "percent_statements_covered": 40.74074074074074, "percent_statements_covered_display": "41"}, "missing_lines": [21, 22, 23, 24, 34, 35, 36, 37, 38, 39, 49, 50, 51, 52, 53, 54], "excluded_lines": []}}, "classes": {"": {"executed_lines": [1, 10, 18, 19, 20, 26, 27, 33, 41, 42, 48, 57], "summary": {"covered_lines": 11, "num_statements": 27, "percent_covered": 40.74074074074074, "percent_covered_display": "41", "missing_lines": 16, "excluded_lines": 0, "percent_statements_covered": 40.74074074074074, "percent_statements_covered_display": "41"}, "missing_lines": [21, 22, 23, 24, 34, 35, 36, 37, 38, 39, 49, 50, 51, 52, 53, 54], "excluded_lines": []}}}, "dev/ai/ai_assist.py": {"executed_lines": [], "summary": {"covered_lines": 0, "num_statements": 323, "percent_covered": 0.0, "percent_covered_display": "0", "missing_lines": 323, "excluded_lines": 2, "percent_statements_covered": 0.0, "percent_statements_covered_display": "0"}, "missing_lines": [37, 38, 39, 40, 41, 43, 44, 47, 50, 51, 52, 53, 54, 57, 60, 61, 63, 64, 65, 67, 68, 70, 73, 74, 75, 77, 78, 80, 82, 83, 84, 85, 86, 87, 89, 90, 91, 92, 93, 94, 96, 97, 98, 99, 101, 102, 103, 104, 106, 108, 109, 110, 111, 114, 115, 116, 118, 119, 123, 124, 125, 126, 128, 130, 132, 133, 134, 137, 138, 141, 142, 143, 145, 146, 147, 149, 150, 153, 155, 156, 158, 159, 161, 162, 164, 165, 168, 169, 170, 172, 173, 175, 176, 178, 179, 181, 183, 184, 185, 186, 187, 188, 189, 190, 192, 193, 194, 196, 197, 200, 202, 203, 205, 206, 208, 209, 211, 212, 215, 216, 217, 219, 220, 222, 223, 225, 226, 228, 230, 231, 232, 233, 234, 235, 236, 237, 240, 242, 245, 246, 248, 249, 251, 253, 254, 256, 258, 259, 260, 262, 263, 265, 266, 269, 272, 273, 276, 281, 282, 284, 285, 286, 287, 290, 291, 292, 293, 296, 297, 298, 299, 301, 302, 303, 304, 305, 307, 308, 310, 311, 312, 315, 317, 318, 319, 320, 321, 322, 325, 326, 327, 328, 329, 332, 335, 336, 338, 339, 340, 343, 346, 348, 349, 350, 352, 353, 354, 357, 358, 360, 362, 363, 364, 366, 368, 369, 370, 371, 372, 375, 377, 378, 379, 380, 381, 382, 384, 387, 388, 391, 394, 396, 397, 398, 400, 401, 404, 405, 408, 409, 412, 416, 417, 420, 422, 425, 428, 429, 430, 431, 432, 433, 436, 437, 438, 439, 440, 441, 444, 447, 448, 449, 450, 451, 453, 454, 455, 456, 457, 460, 461, 462, 463, 464, 466, 467, 468, 469, 470, 473, 476, 477, 479, 480, 481, 482, 484, 485, 488, 489, 491, 492, 493, 494, 496, 497, 500, 502, 506, 509, 510, 511, 518, 524, 529, 532, 533, 540, 545, 548, 549, 550, 556, 559, 560, 566, 569, 570, 573, 575, 576, 577, 579], "excluded_lines": [582, 583], "functions": {"analyze_entry": {"executed_lines": [], "summary": {"covered_lines": 0, "num_statements": 128, "percent_covered": 0.0, "percent_covered_display": "0", "missing_lines": 128, "excluded_lines": 0, "percent_statements_covered": 0.0, "percent_statements_covered_display": "0"}, "missing_lines": [50, 51, 52, 53, 54, 57, 60, 61, 63, 64, 65, 67, 68, 70, 73, 74, 75, 77, 78, 80, 82, 83, 84, 85, 86, 87, 89, 90, 91, 92, 93, 94, 96, 97, 98, 99, 101, 102, 103, 104, 106, 108, 109, 110, 111, 114, 115, 116, 118, 119, 123, 124, 125, 126, 128, 130, 132, 133, 134, 137, 138, 141, 142, 143, 145, 146, 147, 149, 150, 153, 155, 156, 158, 159, 161, 162, 164, 165, 168, 169, 170, 172, 173, 175, 176, 178, 179, 181, 183, 184, 185, 186, 187, 188, 189, 190, 192, 193, 194, 196, 197, 200, 202, 203, 205, 206, 208, 209, 211, 212, 215, 216, 217, 219, 220, 222, 223, 225, 226, 228, 230, 231, 232, 233, 234, 235, 236, 237], "excluded_lines": []}, "batch_analyze": {"executed_lines": [], "summary": {"covered_lines": 0, "num_statements": 44, "percent_covered": 0.0, "percent_covered_display": "0", "missing_lines": 44, "excluded_lines": 0, "percent_statements_covered": 0.0, "percent_statements_covered_display": "0"}, "missing_lines": [242, 245, 246, 248, 249, 251, 253, 254, 256, 258, 259, 260, 262, 263, 265, 266, 269, 272, 273, 276, 281, 282, 284, 285, 286, 287, 290, 291, 292, 293, 296, 297, 298, 299, 301, 302, 303, 304, 305, 307, 308, 310, 311, 312], "excluded_lines": []}, "find_similar": {"executed_lines": [], "summary": {"covered_lines": 0, "num_statements": 37, "percent_covered": 0.0, "percent_covered_display": "0", "missing_lines": 37, "excluded_lines": 0, "percent_statements_covered": 0.0, "percent_statements_covered_display": "0"}, "missing_lines": [317, 318, 319, 320, 321, 322, 325, 326, 327, 328, 329, 332, 335, 336, 338, 339, 340, 343, 346, 348, 349, 350, 352, 353, 354, 357, 358, 360, 362, 363, 364, 366, 368, 369, 370, 371, 372], "excluded_lines": []}, "cluster_entries": {"executed_lines": [], "summary": {"covered_lines": 0, "num_statements": 23, "percent_covered": 0.0, "percent_covered_display": "0", "missing_lines": 23, "excluded_lines": 0, "percent_statements_covered": 0.0, "percent_statements_covered_display": "0"}, "missing_lines": [377, 378, 379, 380, 381, 382, 384, 387, 388, 391, 394, 396, 397, 398, 400, 401, 404, 405, 408, 409, 412, 416, 417], "excluded_lines": []}, "status_command": {"executed_lines": [], "summary": {"covered_lines": 0, "num_statements": 52, "percent_covered": 0.0, "percent_covered_display": "0", "missing_lines": 52, "excluded_lines": 0, "percent_statements_covered": 0.0, "percent_statements_covered_display": "0"}, "missing_lines": [422, 425, 428, 429, 430, 431, 432, 433, 436, 437, 438, 439, 440, 441, 444, 447, 448, 449, 450, 451, 453, 454, 455, 456, 457, 460, 461, 462, 463, 464, 466, 467, 468, 469, 470, 473, 476, 477, 479, 480, 481, 482, 484, 485, 488, 489, 491, 492, 493, 494, 496, 497], "excluded_lines": []}, "main": {"executed_lines": [], "summary": {"covered_lines": 0, "num_statements": 26, "percent_covered": 0.0, "percent_covered_display": "0", "missing_lines": 26, "excluded_lines": 0, "percent_statements_covered": 0.0, "percent_statements_covered_display": "0"}, "missing_lines": [502, 506, 509, 510, 511, 518, 524, 529, 532, 533, 540, 545, 548, 549, 550, 556, 559, 560, 566, 569, 570, 573, 575, 576, 577, 579], "excluded_lines": []}, "": {"executed_lines": [], "summary": {"covered_lines": 0, "num_statements": 13, "percent_covered": 0.0, "percent_covered_display": "0", "missing_lines": 13, "excluded_lines": 2, "percent_statements_covered": 0.0, "percent_statements_covered_display": "0"}, "missing_lines": [37, 38, 39, 40, 41, 43, 44, 47, 240, 315, 375, 420, 500], "excluded_lines": [582, 583]}}, "classes": {"": {"executed_lines": [], "summary": {"covered_lines": 0, "num_statements": 323, "percent_covered": 0.0, "percent_covered_display": "0", "missing_lines": 323, "excluded_lines": 2, "percent_statements_covered": 0.0, "percent_statements_covered_display": "0"}, "missing_lines": [37, 38, 39, 40, 41, 43, 44, 47, 50, 51, 52, 53, 54, 57, 60, 61, 63, 64, 65, 67, 68, 70, 73, 74, 75, 77, 78, 80, 82, 83, 84, 85, 86, 87, 89, 90, 91, 92, 93, 94, 96, 97, 98, 99, 101, 102, 103, 104, 106, 108, 109, 110, 111, 114, 115, 116, 118, 119, 123, 124, 125, 126, 128, 130, 132, 133, 134, 137, 138, 141, 142, 143, 145, 146, 147, 149, 150, 153, 155, 156, 158, 159, 161, 162, 164, 165, 168, 169, 170, 172, 173, 175, 176, 178, 179, 181, 183, 184, 185, 186, 187, 188, 189, 190, 192, 193, 194, 196, 197, 200, 202, 203, 205, 206, 208, 209, 211, 212, 215, 216, 217, 219, 220, 222, 223, 225, 226, 228, 230, 231, 232, 233, 234, 235, 236, 237, 240, 242, 245, 246, 248, 249, 251, 253, 254, 256, 258, 259, 260, 262, 263, 265, 266, 269, 272, 273, 276, 281, 282, 284, 285, 286, 287, 290, 291, 292, 293, 296, 297, 298, 299, 301, 302, 303, 304, 305, 307, 308, 310, 311, 312, 315, 317, 318, 319, 320, 321, 322, 325, 326, 327, 328, 329, 332, 335, 336, 338, 339, 340, 343, 346, 348, 349, 350, 352, 353, 354, 357, 358, 360, 362, 363, 364, 366, 368, 369, 370, 371, 372, 375, 377, 378, 379, 380, 381, 382, 384, 387, 388, 391, 394, 396, 397, 398, 400, 401, 404, 405, 408, 409, 412, 416, 417, 420, 422, 425, 428, 429, 430, 431, 432, 433, 436, 437, 438, 439, 440, 441, 444, 447, 448, 449, 450, 451, 453, 454, 455, 456, 457, 460, 461, 462, 463, 464, 466, 467, 468, 469, 470, 473, 476, 477, 479, 480, 481, 482, 484, 485, 488, 489, 491, 492, 493, 494, 496, 497, 500, 502, 506, 509, 510, 511, 518, 524, 529, 532, 533, 540, 545, 548, 549, 550, 556, 559, 560, 566, 569, 570, 573, 575, 576, 577, 579], "excluded_lines": [582, 583]}}}, "dev/ai/claude_assistant.py": {"executed_lines": [2, 32, 33, 34, 35, 37, 38, 40, 41, 42, 45, 46, 47, 48, 49, 50, 51, 52, 53, 54, 55, 56, 59, 60, 61, 62, 63, 64, 65, 66, 67, 68, 71, 72, 84, 118, 180, 239, 287, 314, 331, 332, 334, 335, 338, 339, 340, 342, 343, 345, 346, 347, 349, 361, 366], "summary": {"covered_lines": 50, "num_statements": 108, "percent_covered": 46.2962962962963, "percent_covered_display": "46", "missing_lines": 58, "excluded_lines": 12, "percent_statements_covered": 46.2962962962963, "percent_statements_covered_display": "46"}, "missing_lines": [39, 102, 103, 108, 109, 110, 115, 116, 128, 148, 155, 158, 159, 160, 161, 163, 164, 165, 167, 169, 190, 209, 216, 219, 220, 221, 222, 224, 225, 226, 227, 229, 249, 259, 265, 268, 269, 270, 271, 272, 274, 275, 276, 278, 279, 280, 281, 282, 283, 285, 302, 304, 305, 307, 308, 309, 311, 363], "excluded_lines": [366, 367, 368, 369, 371, 372, 374, 375, 377, 378, 379, 380], "functions": {"ClaudeAssistant.__init__": {"executed_lines": [], "summary": {"covered_lines": 0, "num_statements": 7, "percent_covered": 0.0, "percent_covered_display": "0", "missing_lines": 7, "excluded_lines": 0, "percent_statements_covered": 0.0, "percent_statements_covered_display": "0"}, "missing_lines": [102, 103, 108, 109, 110, 115, 116], "excluded_lines": []}, "ClaudeAssistant.extract_metadata": {"executed_lines": [], "summary": {"covered_lines": 0, "num_statements": 12, "percent_covered": 0.0, "percent_covered_display": "0", "missing_lines": 12, "excluded_lines": 0, "percent_statements_covered": 0.0, "percent_statements_covered_display": "0"}, "missing_lines": [128, 148, 155, 158, 159, 160, 161, 163, 164, 165, 167, 169], "excluded_lines": []}, "ClaudeAssistant.analyze_for_manuscript": {"executed_lines": [], "summary": {"covered_lines": 0, "num_statements": 12, "percent_covered": 0.0, "percent_covered_display": "0", "missing_lines": 12, "excluded_lines": 0, "percent_statements_covered": 0.0, "percent_statements_covered_display": "0"}, "missing_lines": [190, 209, 216, 219, 220, 221, 222, 224, 225, 226, 227, 229], "excluded_lines": []}, "ClaudeAssistant.suggest_themes": {"executed_lines": [], "summary": {"covered_lines": 0, "num_statements": 18, "percent_covered": 0.0, "percent_covered_display": "0", "missing_lines": 18, "excluded_lines": 0, "percent_statements_covered": 0.0, "percent_statements_covered_display": "0"}, "missing_lines": [249, 259, 265, 268, 269, 270, 271, 272, 274, 275, 276, 278, 279, 280, 281, 282, 283, 285], "excluded_lines": []}, "ClaudeAssistant.batch_extract_metadata": {"executed_lines": [], "summary": {"covered_lines": 0, "num_statements": 7, "percent_covered": 0.0, "percent_covered_display": "0", "missing_lines": 7, "excluded_lines": 0, "percent_statements_covered": 0.0, "percent_statements_covered_display": "0"}, "missing_lines": [302, 304, 305, 307, 308, 309, 311], "excluded_lines": []}, "estimate_cost": {"executed_lines": [331, 332, 334, 335, 338, 339, 340, 342, 343, 345, 346, 347, 349], "summary": {"covered_lines": 13, "num_statements": 13, "percent_covered": 100.0, "percent_covered_display": "100", "missing_lines": 0, "excluded_lines": 0, "percent_statements_covered": 100.0, "percent_statements_covered_display": "100"}, "missing_lines": [], "excluded_lines": []}, "check_api_key": {"executed_lines": [], "summary": {"covered_lines": 0, "num_statements": 1, "percent_covered": 0.0, "percent_covered_display": "0", "missing_lines": 1, "excluded_lines": 0, "percent_statements_covered": 0.0, "percent_statements_covered_display": "0"}, "missing_lines": [363], "excluded_lines": []}, "": {"executed_lines": [2, 32, 33, 34, 35, 37, 38, 40, 41, 42, 45, 46, 47, 48, 49, 50, 51, 52, 53, 54, 55, 56, 59, 60, 61, 62, 63, 64, 65, 66, 67, 68, 71, 72, 84, 118, 180, 239, 287, 314, 361, 366], "summary": {"covered_lines": 37, "num_statements": 38, "percent_covered": 97.36842105263158, "percent_covered_display": "97", "missing_lines": 1, "excluded_lines": 12, "percent_statements_covered": 97.36842105263158, "percent_statements_covered_display": "97"}, "missing_lines": [39], "excluded_lines": [366, 367, 368, 369, 371, 372, 374, 375, 377, 378, 379, 380]}}, "classes": {"ClaudeMetadata": {"executed_lines": [], "summary": {"covered_lines": 0, "num_statements": 0, "percent_covered": 100.0, "percent_covered_display": "100", "missing_lines": 0, "excluded_lines": 0, "percent_statements_covered": 100.0, "percent_statements_covered_display": "100"}, "missing_lines": [], "excluded_lines": []}, "ManuscriptAnalysis": {"executed_lines": [], "summary": {"covered_lines": 0, "num_statements": 0, "percent_covered": 100.0, "percent_covered_display": "100", "missing_lines": 0, "excluded_lines": 0, "percent_statements_covered": 100.0, "percent_statements_covered_display": "100"}, "missing_lines": [], "excluded_lines": []}, "ClaudeAssistant": {"executed_lines": [], "summary": {"covered_lines": 0, "num_statements": 56, "percent_covered": 0.0, "percent_covered_display": "0", "missing_lines": 56, "excluded_lines": 0, "percent_statements_covered": 0.0, "percent_statements_covered_display": "0"}, "missing_lines": [102, 103, 108, 109, 110, 115, 116, 128, 148, 155, 158, 159, 160, 161, 163, 164, 165, 167, 169, 190, 209, 216, 219, 220, 221, 222, 224, 225, 226, 227, 229, 249, 259, 265, 268, 269, 270, 271, 272, 274, 275, 276, 278, 279, 280, 281, 282, 283, 285, 302, 304, 305, 307, 308, 309, 311], "excluded_lines": []}, "": {"executed_lines": [2, 32, 33, 34, 35, 37, 38, 40, 41, 42, 45, 46, 47, 48, 49, 50, 51, 52, 53, 54, 55, 56, 59, 60, 61, 62, 63, 64, 65, 66, 67, 68, 71, 72, 84, 118, 180, 239, 287, 314, 331, 332, 334, 335, 338, 339, 340, 342, 343, 345, 346, 347, 349, 361, 366], "summary": {"covered_lines": 50, "num_statements": 52, "percent_covered": 96.15384615384616, "percent_covered_display": "96", "missing_lines": 2, "excluded_lines": 12, "percent_statements_covered": 96.15384615384616, "percent_statements_covered_display": "96"}, "missing_lines": [39, 363], "excluded_lines": [366, 367, 368, 369, 371, 372, 374, 375, 377, 378, 379, 380]}}}, "dev/ai/cli.py": {"executed_lines": [], "summary": {"covered_lines": 0, "num_statements": 152, "percent_covered": 0.0, "percent_covered_display": "0", "missing_lines": 152, "excluded_lines": 2, "percent_statements_covered": 0.0, "percent_statements_covered_display": "0"}, "missing_lines": [34, 35, 36, 37, 39, 40, 41, 44, 45, 46, 47, 48, 68, 69, 70, 71, 74, 75, 76, 82, 88, 89, 90, 135, 136, 138, 139, 142, 143, 144, 145, 146, 149, 158, 159, 161, 162, 163, 165, 168, 169, 170, 172, 173, 175, 177, 178, 179, 180, 181, 182, 184, 185, 186, 187, 188, 189, 191, 192, 193, 194, 196, 197, 198, 199, 201, 204, 205, 209, 210, 211, 212, 214, 216, 218, 219, 220, 221, 224, 225, 226, 227, 229, 230, 231, 233, 234, 237, 239, 240, 242, 243, 245, 246, 248, 249, 252, 253, 254, 256, 257, 259, 260, 262, 263, 265, 267, 268, 269, 270, 271, 272, 273, 274, 277, 278, 279, 317, 320, 323, 324, 325, 326, 327, 328, 331, 332, 333, 334, 335, 336, 339, 342, 343, 344, 345, 346, 348, 349, 350, 351, 352, 355, 356, 357, 358, 359, 361, 362, 363, 364, 365], "excluded_lines": [368, 369], "functions": {"cli": {"executed_lines": [], "summary": {"covered_lines": 0, "num_statements": 4, "percent_covered": 0.0, "percent_covered_display": "0", "missing_lines": 4, "excluded_lines": 0, "percent_statements_covered": 0.0, "percent_statements_covered_display": "0"}, "missing_lines": [68, 69, 70, 71], "excluded_lines": []}, "ai_analyze": {"executed_lines": [], "summary": {"covered_lines": 0, "num_statements": 91, "percent_covered": 0.0, "percent_covered_display": "0", "missing_lines": 91, "excluded_lines": 0, "percent_statements_covered": 0.0, "percent_statements_covered_display": "0"}, "missing_lines": [135, 136, 138, 139, 142, 143, 144, 145, 146, 149, 158, 159, 161, 162, 163, 165, 168, 169, 170, 172, 173, 175, 177, 178, 179, 180, 181, 182, 184, 185, 186, 187, 188, 189, 191, 192, 193, 194, 196, 197, 198, 199, 201, 204, 205, 209, 210, 211, 212, 214, 216, 218, 219, 220, 221, 224, 225, 226, 227, 229, 230, 231, 233, 234, 237, 239, 240, 242, 243, 245, 246, 248, 249, 252, 253, 254, 256, 257, 259, 260, 262, 263, 265, 267, 268, 269, 270, 271, 272, 273, 274], "excluded_lines": []}, "ai_status": {"executed_lines": [], "summary": {"covered_lines": 0, "num_statements": 35, "percent_covered": 0.0, "percent_covered_display": "0", "missing_lines": 35, "excluded_lines": 0, "percent_statements_covered": 0.0, "percent_statements_covered_display": "0"}, "missing_lines": [317, 320, 323, 324, 325, 326, 327, 328, 331, 332, 333, 334, 335, 336, 339, 342, 343, 344, 345, 346, 348, 349, 350, 351, 352, 355, 356, 357, 358, 359, 361, 362, 363, 364, 365], "excluded_lines": []}, "": {"executed_lines": [], "summary": {"covered_lines": 0, "num_statements": 22, "percent_covered": 0.0, "percent_covered_display": "0", "missing_lines": 22, "excluded_lines": 2, "percent_statements_covered": 0.0, "percent_statements_covered_display": "0"}, "missing_lines": [34, 35, 36, 37, 39, 40, 41, 44, 45, 46, 47, 48, 74, 75, 76, 82, 88, 89, 90, 277, 278, 279], "excluded_lines": [368, 369]}}, "classes": {"": {"executed_lines": [], "summary": {"covered_lines": 0, "num_statements": 152, "percent_covered": 0.0, "percent_covered_display": "0", "missing_lines": 152, "excluded_lines": 2, "percent_statements_covered": 0.0, "percent_statements_covered_display": "0"}, "missing_lines": [34, 35, 36, 37, 39, 40, 41, 44, 45, 46, 47, 48, 68, 69, 70, 71, 74, 75, 76, 82, 88, 89, 90, 135, 136, 138, 139, 142, 143, 144, 145, 146, 149, 158, 159, 161, 162, 163, 165, 168, 169, 170, 172, 173, 175, 177, 178, 179, 180, 181, 182, 184, 185, 186, 187, 188, 189, 191, 192, 193, 194, 196, 197, 198, 199, 201, 204, 205, 209, 210, 211, 212, 214, 216, 218, 219, 220, 221, 224, 225, 226, 227, 229, 230, 231, 233, 234, 237, 239, 240, 242, 243, 245, 246, 248, 249, 252, 253, 254, 256, 257, 259, 260, 262, 263, 265, 267, 268, 269, 270, 271, 272, 273, 274, 277, 278, 279, 317, 320, 323, 324, 325, 326, 327, 328, 331, 332, 333, 334, 335, 336, 339, 342, 343, 344, 345, 346, 348, 349, 350, 351, 352, 355, 356, 357, 358, 359, 361, 362, 363, 364, 365], "excluded_lines": [368, 369]}}}, "dev/ai/extractors.py": {"executed_lines": [2, 28, 29, 30, 32, 33, 36, 37, 38, 39, 41, 42, 45, 46, 47, 48, 51, 52, 53, 54, 55, 56, 57, 58, 59, 60, 63, 64, 65, 66, 67, 68, 71, 72, 85, 113, 161, 191, 232, 233, 244, 263, 286, 329, 331, 337, 339, 341, 343, 344, 350, 351, 356, 359, 362], "summary": {"covered_lines": 49, "num_statements": 130, "percent_covered": 37.69230769230769, "percent_covered_display": "38", "missing_lines": 81, "excluded_lines": 2, "percent_statements_covered": 37.69230769230769, "percent_statements_covered_display": "38"}, "missing_lines": [34, 35, 43, 44, 99, 100, 105, 106, 107, 108, 123, 126, 129, 130, 131, 135, 137, 138, 139, 141, 143, 144, 146, 148, 149, 151, 152, 153, 155, 156, 157, 159, 170, 173, 174, 175, 176, 179, 180, 183, 184, 185, 186, 187, 189, 202, 205, 206, 207, 208, 211, 212, 213, 214, 216, 218, 221, 222, 224, 225, 227, 229, 251, 252, 258, 261, 265, 280, 281, 282, 284, 302, 305, 307, 309, 314, 316, 317, 324, 326, 357], "excluded_lines": [362, 364], "functions": {"EntityExtractor.__init__": {"executed_lines": [], "summary": {"covered_lines": 0, "num_statements": 6, "percent_covered": 0.0, "percent_covered_display": "0", "missing_lines": 6, "excluded_lines": 0, "percent_statements_covered": 0.0, "percent_statements_covered_display": "0"}, "missing_lines": [99, 100, 105, 106, 107, 108], "excluded_lines": []}, "EntityExtractor.extract_from_text": {"executed_lines": [], "summary": {"covered_lines": 0, "num_statements": 22, "percent_covered": 0.0, "percent_covered_display": "0", "missing_lines": 22, "excluded_lines": 0, "percent_statements_covered": 0.0, "percent_statements_covered_display": "0"}, "missing_lines": [123, 126, 129, 130, 131, 135, 137, 138, 139, 141, 143, 144, 146, 148, 149, 151, 152, 153, 155, 156, 157, 159], "excluded_lines": []}, "EntityExtractor._calculate_confidence": {"executed_lines": [], "summary": {"covered_lines": 0, "num_statements": 13, "percent_covered": 0.0, "percent_covered_display": "0", "missing_lines": 13, "excluded_lines": 0, "percent_statements_covered": 0.0, "percent_statements_covered_display": "0"}, "missing_lines": [170, 173, 174, 175, 176, 179, 180, 183, 184, 185, 186, 187, 189], "excluded_lines": []}, "EntityExtractor.extract_from_entry": {"executed_lines": [], "summary": {"covered_lines": 0, "num_statements": 17, "percent_covered": 0.0, "percent_covered_display": "0", "missing_lines": 17, "excluded_lines": 0, "percent_statements_covered": 0.0, "percent_statements_covered_display": "0"}, "missing_lines": [202, 205, 206, 207, 208, 211, 212, 213, 214, 216, 218, 221, 222, 224, 225, 227, 229], "excluded_lines": []}, "ThemeExtractor.__init__": {"executed_lines": [], "summary": {"covered_lines": 0, "num_statements": 4, "percent_covered": 0.0, "percent_covered_display": "0", "missing_lines": 4, "excluded_lines": 0, "percent_statements_covered": 0.0, "percent_statements_covered_display": "0"}, "missing_lines": [251, 252, 258, 261], "excluded_lines": []}, "ThemeExtractor._compute_theme_embeddings": {"executed_lines": [], "summary": {"covered_lines": 0, "num_statements": 5, "percent_covered": 0.0, "percent_covered_display": "0", "missing_lines": 5, "excluded_lines": 0, "percent_statements_covered": 0.0, "percent_statements_covered_display": "0"}, "missing_lines": [265, 280, 281, 282, 284], "excluded_lines": []}, "ThemeExtractor.extract_themes": {"executed_lines": [], "summary": {"covered_lines": 0, "num_statements": 9, "percent_covered": 0.0, "percent_covered_display": "0", "missing_lines": 9, "excluded_lines": 0, "percent_statements_covered": 0.0, "percent_statements_covered_display": "0"}, "missing_lines": [302, 305, 307, 309, 314, 316, 317, 324, 326], "excluded_lines": []}, "check_dependencies": {"executed_lines": [331], "summary": {"covered_lines": 1, "num_statements": 1, "percent_covered": 100.0, "percent_covered_display": "100", "missing_lines": 0, "excluded_lines": 0, "percent_statements_covered": 100.0, "percent_statements_covered_display": "100"}, "missing_lines": [], "excluded_lines": []}, "get_installation_instructions": {"executed_lines": [339, 341, 343, 344, 350, 351, 356, 359], "summary": {"covered_lines": 8, "num_statements": 9, "percent_covered": 88.88888888888889, "percent_covered_display": "89", "missing_lines": 1, "excluded_lines": 0, "percent_statements_covered": 88.88888888888889, "percent_statements_covered_display": "89"}, "missing_lines": [357], "excluded_lines": []}, "": {"executed_lines": [2, 28, 29, 30, 32, 33, 36, 37, 38, 39, 41, 42, 45, 46, 47, 48, 51, 52, 53, 54, 55, 56, 57, 58, 59, 60, 63, 64, 65, 66, 67, 68, 71, 72, 85, 113, 161, 191, 232, 233, 244, 263, 286, 329, 337, 362], "summary": {"covered_lines": 40, "num_statements": 44, "percent_covered": 90.9090909090909, "percent_covered_display": "91", "missing_lines": 4, "excluded_lines": 2, "percent_statements_covered": 90.9090909090909, "percent_statements_covered_display": "91"}, "missing_lines": [34, 35, 43, 44], "excluded_lines": [362, 364]}}, "classes": {"ExtractedEntities": {"executed_lines": [], "summary": {"covered_lines": 0, "num_statements": 0, "percent_covered": 100.0, "percent_covered_display": "100", "missing_lines": 0, "excluded_lines": 0, "percent_statements_covered": 100.0, "percent_statements_covered_display": "100"}, "missing_lines": [], "excluded_lines": []}, "ThemeSuggestion": {"executed_lines": [], "summary": {"covered_lines": 0, "num_statements": 0, "percent_covered": 100.0, "percent_covered_display": "100", "missing_lines": 0, "excluded_lines": 0, "percent_statements_covered": 100.0, "percent_statements_covered_display": "100"}, "missing_lines": [], "excluded_lines": []}, "EntityExtractor": {"executed_lines": [], "summary": {"covered_lines": 0, "num_statements": 58, "percent_covered": 0.0, "percent_covered_display": "0", "missing_lines": 58, "excluded_lines": 0, "percent_statements_covered": 0.0, "percent_statements_covered_display": "0"}, "missing_lines": [99, 100, 105, 106, 107, 108, 123, 126, 129, 130, 131, 135, 137, 138, 139, 141, 143, 144, 146, 148, 149, 151, 152, 153, 155, 156, 157, 159, 170, 173, 174, 175, 176, 179, 180, 183, 184, 185, 186, 187, 189, 202, 205, 206, 207, 208, 211, 212, 213, 214, 216, 218, 221, 222, 224, 225, 227, 229], "excluded_lines": []}, "ThemeExtractor": {"executed_lines": [], "summary": {"covered_lines": 0, "num_statements": 18, "percent_covered": 0.0, "percent_covered_display": "0", "missing_lines": 18, "excluded_lines": 0, "percent_statements_covered": 0.0, "percent_statements_covered_display": "0"}, "missing_lines": [251, 252, 258, 261, 265, 280, 281, 282, 284, 302, 305, 307, 309, 314, 316, 317, 324, 326], "excluded_lines": []}, "": {"executed_lines": [2, 28, 29, 30, 32, 33, 36, 37, 38, 39, 41, 42, 45, 46, 47, 48, 51, 52, 53, 54, 55, 56, 57, 58, 59, 60, 63, 64, 65, 66, 67, 68, 71, 72, 85, 113, 161, 191, 232, 233, 244, 263, 286, 329, 331, 337, 339, 341, 343, 344, 350, 351, 356, 359, 362], "summary": {"covered_lines": 49, "num_statements": 54, "percent_covered": 90.74074074074075, "percent_covered_display": "91", "missing_lines": 5, "excluded_lines": 2, "percent_statements_covered": 90.74074074074075, "percent_statements_covered_display": "91"}, "missing_lines": [34, 35, 43, 44, 357], "excluded_lines": [362, 364]}}}, "dev/ai/openai_assistant.py": {"executed_lines": [2, 32, 33, 34, 35, 37, 38, 40, 41, 42, 45, 46, 47, 48, 49, 50, 51, 52, 53, 54, 55, 56, 59, 60, 61, 62, 63, 64, 65, 66, 67, 68, 71, 72, 84, 119, 175, 228, 266, 293, 343, 348], "summary": {"covered_lines": 37, "num_statements": 96, "percent_covered": 38.541666666666664, "percent_covered_display": "39", "missing_lines": 59, "excluded_lines": 12, "percent_statements_covered": 38.541666666666664, "percent_statements_covered_display": "39"}, "missing_lines": [39, 103, 104, 109, 110, 111, 116, 117, 129, 149, 156, 158, 159, 160, 162, 164, 185, 204, 211, 213, 214, 215, 216, 218, 238, 248, 254, 256, 257, 258, 259, 260, 261, 262, 264, 281, 283, 284, 286, 287, 288, 290, 310, 311, 313, 314, 317, 318, 319, 320, 321, 322, 324, 325, 327, 328, 329, 331, 345], "excluded_lines": [348, 349, 350, 351, 353, 354, 356, 357, 359, 360, 361, 362], "functions": {"OpenAIAssistant.__init__": {"executed_lines": [], "summary": {"covered_lines": 0, "num_statements": 7, "percent_covered": 0.0, "percent_covered_display": "0", "missing_lines": 7, "excluded_lines": 0, "percent_statements_covered": 0.0, "percent_statements_covered_display": "0"}, "missing_lines": [103, 104, 109, 110, 111, 116, 117], "excluded_lines": []}, "OpenAIAssistant.extract_metadata": {"executed_lines": [], "summary": {"covered_lines": 0, "num_statements": 8, "percent_covered": 0.0, "percent_covered_display": "0", "missing_lines": 8, "excluded_lines": 0, "percent_statements_covered": 0.0, "percent_statements_covered_display": "0"}, "missing_lines": [129, 149, 156, 158, 159, 160, 162, 164], "excluded_lines": []}, "OpenAIAssistant.analyze_for_manuscript": {"executed_lines": [], "summary": {"covered_lines": 0, "num_statements": 8, "percent_covered": 0.0, "percent_covered_display": "0", "missing_lines": 8, "excluded_lines": 0, "percent_statements_covered": 0.0, "percent_statements_covered_display": "0"}, "missing_lines": [185, 204, 211, 213, 214, 215, 216, 218], "excluded_lines": []}, "OpenAIAssistant.suggest_themes": {"executed_lines": [], "summary": {"covered_lines": 0, "num_statements": 11, "percent_covered": 0.0, "percent_covered_display": "0", "missing_lines": 11, "excluded_lines": 0, "percent_statements_covered": 0.0, "percent_statements_covered_display": "0"}, "missing_lines": [238, 248, 254, 256, 257, 258, 259, 260, 261, 262, 264], "excluded_lines": []}, "OpenAIAssistant.batch_extract_metadata": {"executed_lines": [], "summary": {"covered_lines": 0, "num_statements": 7, "percent_covered": 0.0, "percent_covered_display": "0", "missing_lines": 7, "excluded_lines": 0, "percent_statements_covered": 0.0, "percent_statements_covered_display": "0"}, "missing_lines": [281, 283, 284, 286, 287, 288, 290], "excluded_lines": []}, "estimate_cost": {"executed_lines": [], "summary": {"covered_lines": 0, "num_statements": 16, "percent_covered": 0.0, "percent_covered_display": "0", "missing_lines": 16, "excluded_lines": 0, "percent_statements_covered": 0.0, "percent_statements_covered_display": "0"}, "missing_lines": [310, 311, 313, 314, 317, 318, 319, 320, 321, 322, 324, 325, 327, 328, 329, 331], "excluded_lines": []}, "check_api_key": {"executed_lines": [], "summary": {"covered_lines": 0, "num_statements": 1, "percent_covered": 0.0, "percent_covered_display": "0", "missing_lines": 1, "excluded_lines": 0, "percent_statements_covered": 0.0, "percent_statements_covered_display": "0"}, "missing_lines": [345], "excluded_lines": []}, "": {"executed_lines": [2, 32, 33, 34, 35, 37, 38, 40, 41, 42, 45, 46, 47, 48, 49, 50, 51, 52, 53, 54, 55, 56, 59, 60, 61, 62, 63, 64, 65, 66, 67, 68, 71, 72, 84, 119, 175, 228, 266, 293, 343, 348], "summary": {"covered_lines": 37, "num_statements": 38, "percent_covered": 97.36842105263158, "percent_covered_display": "97", "missing_lines": 1, "excluded_lines": 12, "percent_statements_covered": 97.36842105263158, "percent_statements_covered_display": "97"}, "missing_lines": [39], "excluded_lines": [348, 349, 350, 351, 353, 354, 356, 357, 359, 360, 361, 362]}}, "classes": {"OpenAIMetadata": {"executed_lines": [], "summary": {"covered_lines": 0, "num_statements": 0, "percent_covered": 100.0, "percent_covered_display": "100", "missing_lines": 0, "excluded_lines": 0, "percent_statements_covered": 100.0, "percent_statements_covered_display": "100"}, "missing_lines": [], "excluded_lines": []}, "OpenAIManuscriptAnalysis": {"executed_lines": [], "summary": {"covered_lines": 0, "num_statements": 0, "percent_covered": 100.0, "percent_covered_display": "100", "missing_lines": 0, "excluded_lines": 0, "percent_statements_covered": 100.0, "percent_statements_covered_display": "100"}, "missing_lines": [], "excluded_lines": []}, "OpenAIAssistant": {"executed_lines": [], "summary": {"covered_lines": 0, "num_statements": 41, "percent_covered": 0.0, "percent_covered_display": "0", "missing_lines": 41, "excluded_lines": 0, "percent_statements_covered": 0.0, "percent_statements_covered_display": "0"}, "missing_lines": [103, 104, 109, 110, 111, 116, 117, 129, 149, 156, 158, 159, 160, 162, 164, 185, 204, 211, 213, 214, 215, 216, 218, 238, 248, 254, 256, 257, 258, 259, 260, 261, 262, 264, 281, 283, 284, 286, 287, 288, 290], "excluded_lines": []}, "": {"executed_lines": [2, 32, 33, 34, 35, 37, 38, 40, 41, 42, 45, 46, 47, 48, 49, 50, 51, 52, 53, 54, 55, 56, 59, 60, 61, 62, 63, 64, 65, 66, 67, 68, 71, 72, 84, 119, 175, 228, 266, 293, 343, 348], "summary": {"covered_lines": 37, "num_statements": 55, "percent_covered": 67.27272727272727, "percent_covered_display": "67", "missing_lines": 18, "excluded_lines": 12, "percent_statements_covered": 67.27272727272727, "percent_statements_covered_display": "67"}, "missing_lines": [39, 310, 311, 313, 314, 317, 318, 319, 320, 321, 322, 324, 325, 327, 328, 329, 331, 345], "excluded_lines": [348, 349, 350, 351, 353, 354, 356, 357, 359, 360, 361, 362]}}}, "dev/ai/semantic_search.py": {"executed_lines": [2, 33, 34, 35, 36, 38, 41, 42, 45, 46, 47, 48, 50, 51, 53, 54, 55, 58, 59, 60, 61, 62, 63, 64, 67, 68, 85, 120, 172, 208, 245, 277, 309, 335, 363, 378, 385, 399, 414, 416, 422], "summary": {"covered_lines": 36, "num_statements": 159, "percent_covered": 22.641509433962263, "percent_covered_display": "23", "missing_lines": 123, "excluded_lines": 11, "percent_statements_covered": 22.641509433962263, "percent_statements_covered_display": "23"}, "missing_lines": [43, 44, 52, 102, 103, 108, 109, 112, 113, 114, 115, 118, 131, 132, 133, 136, 137, 138, 140, 142, 143, 144, 146, 147, 148, 151, 152, 159, 160, 161, 162, 165, 166, 169, 170, 189, 190, 193, 196, 198, 201, 204, 206, 223, 224, 227, 228, 229, 230, 232, 235, 236, 238, 241, 243, 258, 259, 261, 264, 265, 268, 269, 270, 271, 272, 273, 275, 279, 282, 283, 284, 285, 286, 289, 290, 291, 292, 294, 296, 297, 298, 301, 302, 304, 305, 307, 316, 321, 323, 324, 325, 326, 333, 342, 345, 347, 348, 349, 352, 354, 361, 365, 366, 369, 372, 373, 376, 380, 381, 382, 383, 387, 389, 396, 397, 401, 402, 404, 405, 406, 407, 410, 411], "excluded_lines": [38, 39, 422, 423, 425, 426, 427, 429, 430, 432, 433], "functions": {"SemanticSearch.__init__": {"executed_lines": [], "summary": {"covered_lines": 0, "num_statements": 9, "percent_covered": 0.0, "percent_covered_display": "0", "missing_lines": 9, "excluded_lines": 0, "percent_statements_covered": 0.0, "percent_statements_covered_display": "0"}, "missing_lines": [102, 103, 108, 109, 112, 113, 114, 115, 118], "excluded_lines": []}, "SemanticSearch.build_index": {"executed_lines": [], "summary": {"covered_lines": 0, "num_statements": 23, "percent_covered": 0.0, "percent_covered_display": "0", "missing_lines": 23, "excluded_lines": 0, "percent_statements_covered": 0.0, "percent_statements_covered_display": "0"}, "missing_lines": [131, 132, 133, 136, 137, 138, 140, 142, 143, 144, 146, 147, 148, 151, 152, 159, 160, 161, 162, 165, 166, 169, 170], "excluded_lines": []}, "SemanticSearch.find_similar": {"executed_lines": [], "summary": {"covered_lines": 0, "num_statements": 8, "percent_covered": 0.0, "percent_covered_display": "0", "missing_lines": 8, "excluded_lines": 0, "percent_statements_covered": 0.0, "percent_statements_covered_display": "0"}, "missing_lines": [189, 190, 193, 196, 198, 201, 204, 206], "excluded_lines": []}, "SemanticSearch.find_similar_to_entry": {"executed_lines": [], "summary": {"covered_lines": 0, "num_statements": 12, "percent_covered": 0.0, "percent_covered_display": "0", "missing_lines": 12, "excluded_lines": 0, "percent_statements_covered": 0.0, "percent_statements_covered_display": "0"}, "missing_lines": [223, 224, 227, 228, 229, 230, 232, 235, 236, 238, 241, 243], "excluded_lines": []}, "SemanticSearch.cluster_entries": {"executed_lines": [], "summary": {"covered_lines": 0, "num_statements": 12, "percent_covered": 0.0, "percent_covered_display": "0", "missing_lines": 12, "excluded_lines": 0, "percent_statements_covered": 0.0, "percent_statements_covered_display": "0"}, "missing_lines": [258, 259, 261, 264, 265, 268, 269, 270, 271, 272, 273, 275], "excluded_lines": []}, "SemanticSearch._extract_entry_text": {"executed_lines": [], "summary": {"covered_lines": 0, "num_statements": 19, "percent_covered": 0.0, "percent_covered_display": "0", "missing_lines": 19, "excluded_lines": 0, "percent_statements_covered": 0.0, "percent_statements_covered_display": "0"}, "missing_lines": [279, 282, 283, 284, 285, 286, 289, 290, 291, 292, 294, 296, 297, 298, 301, 302, 304, 305, 307], "excluded_lines": []}, "SemanticSearch._search_numpy": {"executed_lines": [], "summary": {"covered_lines": 0, "num_statements": 7, "percent_covered": 0.0, "percent_covered_display": "0", "missing_lines": 7, "excluded_lines": 0, "percent_statements_covered": 0.0, "percent_statements_covered_display": "0"}, "missing_lines": [316, 321, 323, 324, 325, 326, 333], "excluded_lines": []}, "SemanticSearch._search_faiss": {"executed_lines": [], "summary": {"covered_lines": 0, "num_statements": 8, "percent_covered": 0.0, "percent_covered_display": "0", "missing_lines": 8, "excluded_lines": 0, "percent_statements_covered": 0.0, "percent_statements_covered_display": "0"}, "missing_lines": [342, 345, 347, 348, 349, 352, 354, 361], "excluded_lines": []}, "SemanticSearch._build_faiss_index": {"executed_lines": [], "summary": {"covered_lines": 0, "num_statements": 6, "percent_covered": 0.0, "percent_covered_display": "0", "missing_lines": 6, "excluded_lines": 0, "percent_statements_covered": 0.0, "percent_statements_covered_display": "0"}, "missing_lines": [365, 366, 369, 372, 373, 376], "excluded_lines": []}, "SemanticSearch._get_snippet": {"executed_lines": [], "summary": {"covered_lines": 0, "num_statements": 4, "percent_covered": 0.0, "percent_covered_display": "0", "missing_lines": 4, "excluded_lines": 0, "percent_statements_covered": 0.0, "percent_statements_covered_display": "0"}, "missing_lines": [380, 381, 382, 383], "excluded_lines": []}, "SemanticSearch._save_cache": {"executed_lines": [], "summary": {"covered_lines": 0, "num_statements": 4, "percent_covered": 0.0, "percent_covered_display": "0", "missing_lines": 4, "excluded_lines": 0, "percent_statements_covered": 0.0, "percent_statements_covered_display": "0"}, "missing_lines": [387, 389, 396, 397], "excluded_lines": []}, "SemanticSearch._load_cache": {"executed_lines": [], "summary": {"covered_lines": 0, "num_statements": 8, "percent_covered": 0.0, "percent_covered_display": "0", "missing_lines": 8, "excluded_lines": 0, "percent_statements_covered": 0.0, "percent_statements_covered_display": "0"}, "missing_lines": [401, 402, 404, 405, 406, 407, 410, 411], "excluded_lines": []}, "check_dependencies": {"executed_lines": [416], "summary": {"covered_lines": 1, "num_statements": 1, "percent_covered": 100.0, "percent_covered_display": "100", "missing_lines": 0, "excluded_lines": 0, "percent_statements_covered": 100.0, "percent_statements_covered_display": "100"}, "missing_lines": [], "excluded_lines": []}, "": {"executed_lines": [2, 33, 34, 35, 36, 38, 41, 42, 45, 46, 47, 48, 50, 51, 53, 54, 55, 58, 59, 60, 61, 62, 63, 64, 67, 68, 85, 120, 172, 208, 245, 277, 309, 335, 363, 378, 385, 399, 414, 422], "summary": {"covered_lines": 35, "num_statements": 38, "percent_covered": 92.10526315789474, "percent_covered_display": "92", "missing_lines": 3, "excluded_lines": 11, "percent_statements_covered": 92.10526315789474, "percent_statements_covered_display": "92"}, "missing_lines": [43, 44, 52], "excluded_lines": [38, 39, 422, 423, 425, 426, 427, 429, 430, 432, 433]}}, "classes": {"SemanticResult": {"executed_lines": [], "summary": {"covered_lines": 0, "num_statements": 0, "percent_covered": 100.0, "percent_covered_display": "100", "missing_lines": 0, "excluded_lines": 0, "percent_statements_covered": 100.0, "percent_statements_covered_display": "100"}, "missing_lines": [], "excluded_lines": []}, "SemanticSearch": {"executed_lines": [], "summary": {"covered_lines": 0, "num_statements": 120, "percent_covered": 0.0, "percent_covered_display": "0", "missing_lines": 120, "excluded_lines": 0, "percent_statements_covered": 0.0, "percent_statements_covered_display": "0"}, "missing_lines": [102, 103, 108, 109, 112, 113, 114, 115, 118, 131, 132, 133, 136, 137, 138, 140, 142, 143, 144, 146, 147, 148, 151, 152, 159, 160, 161, 162, 165, 166, 169, 170, 189, 190, 193, 196, 198, 201, 204, 206, 223, 224, 227, 228, 229, 230, 232, 235, 236, 238, 241, 243, 258, 259, 261, 264, 265, 268, 269, 270, 271, 272, 273, 275, 279, 282, 283, 284, 285, 286, 289, 290, 291, 292, 294, 296, 297, 298, 301, 302, 304, 305, 307, 316, 321, 323, 324, 325, 326, 333, 342, 345, 347, 348, 349, 352, 354, 361, 365, 366, 369, 372, 373, 376, 380, 381, 382, 383, 387, 389, 396, 397, 401, 402, 404, 405, 406, 407, 410, 411], "excluded_lines": []}, "": {"executed_lines": [2, 33, 34, 35, 36, 38, 41, 42, 45, 46, 47, 48, 50, 51, 53, 54, 55, 58, 59, 60, 61, 62, 63, 64, 67, 68, 85, 120, 172, 208, 245, 277, 309, 335, 363, 378, 385, 399, 414, 416, 422], "summary": {"covered_lines": 36, "num_statements": 39, "percent_covered": 92.3076923076923, "percent_covered_display": "92", "missing_lines": 3, "excluded_lines": 11, "percent_statements_covered": 92.3076923076923, "percent_statements_covered_display": "92"}, "missing_lines": [43, 44, 52], "excluded_lines": [38, 39, 422, 423, 425, 426, 427, 429, 430, 432, 433]}}}, "dev/builders/__init__.py": {"executed_lines": [1, 18, 19, 20, 21, 22, 29, 37], "summary": {"covered_lines": 7, "num_statements": 7, "percent_covered": 100.0, "percent_covered_display": "100", "missing_lines": 0, "excluded_lines": 0, "percent_statements_covered": 100.0, "percent_statements_covered_display": "100"}, "missing_lines": [], "excluded_lines": [], "functions": {"": {"executed_lines": [1, 18, 19, 20, 21, 22, 29, 37], "summary": {"covered_lines": 7, "num_statements": 7, "percent_covered": 100.0, "percent_covered_display": "100", "missing_lines": 0, "excluded_lines": 0, "percent_statements_covered": 100.0, "percent_statements_covered_display": "100"}, "missing_lines": [], "excluded_lines": []}}, "classes": {"": {"executed_lines": [1, 18, 19, 20, 21, 22, 29, 37], "summary": {"covered_lines": 7, "num_statements": 7, "percent_covered": 100.0, "percent_covered_display": "100", "missing_lines": 0, "excluded_lines": 0, "percent_statements_covered": 100.0, "percent_statements_covered_display": "100"}, "missing_lines": [], "excluded_lines": []}}}, "dev/builders/base.py": {"executed_lines": [2, 14, 16, 17, 18, 19, 21, 24, 25, 35, 37, 39, 46, 48, 49, 62, 63, 73, 82, 83, 98, 113, 123, 133, 143], "summary": {"covered_lines": 18, "num_statements": 29, "percent_covered": 62.06896551724138, "percent_covered_display": "62", "missing_lines": 11, "excluded_lines": 27, "percent_statements_covered": 62.06896551724138, "percent_statements_covered_display": "62"}, "missing_lines": [80, 110, 111, 120, 121, 130, 131, 140, 141, 151, 152], "excluded_lines": [48, 49, 50, 51, 52, 53, 54, 55, 56, 57, 58, 59, 82, 83, 84, 85, 86, 87, 88, 89, 90, 91, 92, 93, 94, 95, 96], "functions": {"BuilderStats.__init__": {"executed_lines": [37], "summary": {"covered_lines": 1, "num_statements": 1, "percent_covered": 100.0, "percent_covered_display": "100", "missing_lines": 0, "excluded_lines": 0, "percent_statements_covered": 100.0, "percent_statements_covered_display": "100"}, "missing_lines": [], "excluded_lines": []}, "BuilderStats.duration": {"executed_lines": [46], "summary": {"covered_lines": 1, "num_statements": 1, "percent_covered": 100.0, "percent_covered_display": "100", "missing_lines": 0, "excluded_lines": 0, "percent_statements_covered": 100.0, "percent_statements_covered_display": "100"}, "missing_lines": [], "excluded_lines": []}, "BuilderStats.summary": {"executed_lines": [], "summary": {"covered_lines": 0, "num_statements": 0, "percent_covered": 100.0, "percent_covered_display": "100", "missing_lines": 0, "excluded_lines": 10, "percent_statements_covered": 100.0, "percent_statements_covered_display": "100"}, "missing_lines": [], "excluded_lines": [50, 51, 52, 53, 54, 55, 56, 57, 58, 59]}, "BaseBuilder.__init__": {"executed_lines": [], "summary": {"covered_lines": 0, "num_statements": 1, "percent_covered": 0.0, "percent_covered_display": "0", "missing_lines": 1, "excluded_lines": 0, "percent_statements_covered": 0.0, "percent_statements_covered_display": "0"}, "missing_lines": [80], "excluded_lines": []}, "BaseBuilder.build": {"executed_lines": [], "summary": {"covered_lines": 0, "num_statements": 0, "percent_covered": 100.0, "percent_covered_display": "100", "missing_lines": 0, "excluded_lines": 13, "percent_statements_covered": 100.0, "percent_statements_covered_display": "100"}, "missing_lines": [], "excluded_lines": [84, 85, 86, 87, 88, 89, 90, 91, 92, 93, 94, 95, 96]}, "BaseBuilder._log_operation": {"executed_lines": [], "summary": {"covered_lines": 0, "num_statements": 2, "percent_covered": 0.0, "percent_covered_display": "0", "missing_lines": 2, "excluded_lines": 0, "percent_statements_covered": 0.0, "percent_statements_covered_display": "0"}, "missing_lines": [110, 111], "excluded_lines": []}, "BaseBuilder._log_debug": {"executed_lines": [], "summary": {"covered_lines": 0, "num_statements": 2, "percent_covered": 0.0, "percent_covered_display": "0", "missing_lines": 2, "excluded_lines": 0, "percent_statements_covered": 0.0, "percent_statements_covered_display": "0"}, "missing_lines": [120, 121], "excluded_lines": []}, "BaseBuilder._log_info": {"executed_lines": [], "summary": {"covered_lines": 0, "num_statements": 2, "percent_covered": 0.0, "percent_covered_display": "0", "missing_lines": 2, "excluded_lines": 0, "percent_statements_covered": 0.0, "percent_statements_covered_display": "0"}, "missing_lines": [130, 131], "excluded_lines": []}, "BaseBuilder._log_warning": {"executed_lines": [], "summary": {"covered_lines": 0, "num_statements": 2, "percent_covered": 0.0, "percent_covered_display": "0", "missing_lines": 2, "excluded_lines": 0, "percent_statements_covered": 0.0, "percent_statements_covered_display": "0"}, "missing_lines": [140, 141], "excluded_lines": []}, "BaseBuilder._log_error": {"executed_lines": [], "summary": {"covered_lines": 0, "num_statements": 2, "percent_covered": 0.0, "percent_covered_display": "0", "missing_lines": 2, "excluded_lines": 0, "percent_statements_covered": 0.0, "percent_statements_covered_display": "0"}, "missing_lines": [151, 152], "excluded_lines": []}, "": {"executed_lines": [2, 14, 16, 17, 18, 19, 21, 24, 25, 35, 39, 48, 49, 62, 63, 73, 82, 83, 98, 113, 123, 133, 143], "summary": {"covered_lines": 16, "num_statements": 16, "percent_covered": 100.0, "percent_covered_display": "100", "missing_lines": 0, "excluded_lines": 4, "percent_statements_covered": 100.0, "percent_statements_covered_display": "100"}, "missing_lines": [], "excluded_lines": [48, 49, 82, 83]}}, "classes": {"BuilderStats": {"executed_lines": [37, 46], "summary": {"covered_lines": 2, "num_statements": 2, "percent_covered": 100.0, "percent_covered_display": "100", "missing_lines": 0, "excluded_lines": 10, "percent_statements_covered": 100.0, "percent_statements_covered_display": "100"}, "missing_lines": [], "excluded_lines": [50, 51, 52, 53, 54, 55, 56, 57, 58, 59]}, "BaseBuilder": {"executed_lines": [], "summary": {"covered_lines": 0, "num_statements": 11, "percent_covered": 0.0, "percent_covered_display": "0", "missing_lines": 11, "excluded_lines": 13, "percent_statements_covered": 0.0, "percent_statements_covered_display": "0"}, "missing_lines": [80, 110, 111, 120, 121, 130, 131, 140, 141, 151, 152], "excluded_lines": [84, 85, 86, 87, 88, 89, 90, 91, 92, 93, 94, 95, 96]}, "": {"executed_lines": [2, 14, 16, 17, 18, 19, 21, 24, 25, 35, 39, 48, 49, 62, 63, 73, 82, 83, 98, 113, 123, 133, 143], "summary": {"covered_lines": 16, "num_statements": 16, "percent_covered": 100.0, "percent_covered_display": "100", "missing_lines": 0, "excluded_lines": 4, "percent_statements_covered": 100.0, "percent_statements_covered_display": "100"}, "missing_lines": [], "excluded_lines": [48, 49, 82, 83]}}}, "dev/builders/pdfbuilder.py": {"executed_lines": [2, 30, 33, 34, 35, 36, 37, 40, 42, 43, 44, 45, 46, 50, 52, 53, 55, 56, 58, 59, 61, 62, 64, 65, 67, 90, 99, 100, 102, 103, 105, 106, 108, 109, 111, 112, 116, 117, 123, 130, 144, 145, 163, 196, 224, 326, 381], "summary": {"covered_lines": 44, "num_statements": 213, "percent_covered": 20.657276995305164, "percent_covered_display": "21", "missing_lines": 169, "excluded_lines": 0, "percent_statements_covered": 20.657276995305164, "percent_statements_covered_display": "21"}, "missing_lines": [125, 126, 127, 128, 137, 187, 188, 189, 190, 191, 192, 193, 194, 206, 208, 209, 211, 212, 214, 216, 217, 219, 220, 222, 241, 242, 243, 248, 249, 250, 251, 252, 253, 256, 257, 258, 260, 261, 265, 266, 268, 269, 272, 273, 274, 275, 278, 279, 280, 283, 284, 286, 288, 289, 290, 292, 294, 295, 296, 297, 298, 299, 300, 303, 304, 305, 307, 309, 311, 313, 316, 317, 318, 319, 321, 322, 347, 348, 351, 363, 364, 367, 368, 370, 371, 372, 374, 375, 376, 377, 393, 395, 396, 406, 407, 409, 410, 412, 413, 416, 417, 418, 419, 424, 431, 432, 435, 436, 437, 438, 439, 442, 443, 445, 447, 448, 450, 451, 452, 453, 457, 458, 461, 463, 467, 468, 472, 474, 475, 480, 484, 485, 489, 491, 492, 497, 498, 500, 501, 502, 503, 507, 508, 511, 513, 517, 518, 522, 524, 525, 530, 534, 535, 539, 541, 542, 546, 547, 548, 549, 553, 554, 555, 560, 561, 562, 566, 567, 569], "excluded_lines": [], "functions": {"BuildStats.__init__": {"executed_lines": [], "summary": {"covered_lines": 0, "num_statements": 4, "percent_covered": 0.0, "percent_covered_display": "0", "missing_lines": 4, "excluded_lines": 0, "percent_statements_covered": 0.0, "percent_statements_covered_display": "0"}, "missing_lines": [125, 126, 127, 128], "excluded_lines": []}, "BuildStats.summary": {"executed_lines": [], "summary": {"covered_lines": 0, "num_statements": 1, "percent_covered": 0.0, "percent_covered_display": "0", "missing_lines": 1, "excluded_lines": 0, "percent_statements_covered": 0.0, "percent_statements_covered_display": "0"}, "missing_lines": [137], "excluded_lines": []}, "PdfBuilder.__init__": {"executed_lines": [], "summary": {"covered_lines": 0, "num_statements": 8, "percent_covered": 0.0, "percent_covered_display": "0", "missing_lines": 8, "excluded_lines": 0, "percent_statements_covered": 0.0, "percent_statements_covered_display": "0"}, "missing_lines": [187, 188, 189, 190, 191, 192, 193, 194], "excluded_lines": []}, "PdfBuilder.gather_md": {"executed_lines": [], "summary": {"covered_lines": 0, "num_statements": 11, "percent_covered": 0.0, "percent_covered_display": "0", "missing_lines": 11, "excluded_lines": 0, "percent_statements_covered": 0.0, "percent_statements_covered_display": "0"}, "missing_lines": [206, 208, 209, 211, 212, 214, 216, 217, 219, 220, 222], "excluded_lines": []}, "PdfBuilder._write_temp_md": {"executed_lines": [], "summary": {"covered_lines": 0, "num_statements": 52, "percent_covered": 0.0, "percent_covered_display": "0", "missing_lines": 52, "excluded_lines": 0, "percent_statements_covered": 0.0, "percent_statements_covered_display": "0"}, "missing_lines": [241, 242, 243, 248, 249, 250, 251, 252, 253, 256, 257, 258, 260, 261, 265, 266, 268, 269, 272, 273, 274, 275, 278, 279, 280, 283, 284, 286, 288, 289, 290, 292, 294, 295, 296, 297, 298, 299, 300, 303, 304, 305, 307, 309, 311, 313, 316, 317, 318, 319, 321, 322], "excluded_lines": []}, "PdfBuilder._run_pandoc": {"executed_lines": [], "summary": {"covered_lines": 0, "num_statements": 14, "percent_covered": 0.0, "percent_covered_display": "0", "missing_lines": 14, "excluded_lines": 0, "percent_statements_covered": 0.0, "percent_statements_covered_display": "0"}, "missing_lines": [347, 348, 351, 363, 364, 367, 368, 370, 371, 372, 374, 375, 376, 377], "excluded_lines": []}, "PdfBuilder.build": {"executed_lines": [], "summary": {"covered_lines": 0, "num_statements": 79, "percent_covered": 0.0, "percent_covered_display": "0", "missing_lines": 79, "excluded_lines": 0, "percent_statements_covered": 0.0, "percent_statements_covered_display": "0"}, "missing_lines": [393, 395, 396, 406, 407, 409, 410, 412, 413, 416, 417, 418, 419, 424, 431, 432, 435, 436, 437, 438, 439, 442, 443, 445, 447, 448, 450, 451, 452, 453, 457, 458, 461, 463, 467, 468, 472, 474, 475, 480, 484, 485, 489, 491, 492, 497, 498, 500, 501, 502, 503, 507, 508, 511, 513, 517, 518, 522, 524, 525, 530, 534, 535, 539, 541, 542, 546, 547, 548, 549, 553, 554, 555, 560, 561, 562, 566, 567, 569], "excluded_lines": []}, "": {"executed_lines": [2, 30, 33, 34, 35, 36, 37, 40, 42, 43, 44, 45, 46, 50, 52, 53, 55, 56, 58, 59, 61, 62, 64, 65, 67, 90, 99, 100, 102, 103, 105, 106, 108, 109, 111, 112, 116, 117, 123, 130, 144, 145, 163, 196, 224, 326, 381], "summary": {"covered_lines": 44, "num_statements": 44, "percent_covered": 100.0, "percent_covered_display": "100", "missing_lines": 0, "excluded_lines": 0, "percent_statements_covered": 100.0, "percent_statements_covered_display": "100"}, "missing_lines": [], "excluded_lines": []}}, "classes": {"BuildStats": {"executed_lines": [], "summary": {"covered_lines": 0, "num_statements": 5, "percent_covered": 0.0, "percent_covered_display": "0", "missing_lines": 5, "excluded_lines": 0, "percent_statements_covered": 0.0, "percent_statements_covered_display": "0"}, "missing_lines": [125, 126, 127, 128, 137], "excluded_lines": []}, "PdfBuilder": {"executed_lines": [], "summary": {"covered_lines": 0, "num_statements": 164, "percent_covered": 0.0, "percent_covered_display": "0", "missing_lines": 164, "excluded_lines": 0, "percent_statements_covered": 0.0, "percent_statements_covered_display": "0"}, "missing_lines": [187, 188, 189, 190, 191, 192, 193, 194, 206, 208, 209, 211, 212, 214, 216, 217, 219, 220, 222, 241, 242, 243, 248, 249, 250, 251, 252, 253, 256, 257, 258, 260, 261, 265, 266, 268, 269, 272, 273, 274, 275, 278, 279, 280, 283, 284, 286, 288, 289, 290, 292, 294, 295, 296, 297, 298, 299, 300, 303, 304, 305, 307, 309, 311, 313, 316, 317, 318, 319, 321, 322, 347, 348, 351, 363, 364, 367, 368, 370, 371, 372, 374, 375, 376, 377, 393, 395, 396, 406, 407, 409, 410, 412, 413, 416, 417, 418, 419, 424, 431, 432, 435, 436, 437, 438, 439, 442, 443, 445, 447, 448, 450, 451, 452, 453, 457, 458, 461, 463, 467, 468, 472, 474, 475, 480, 484, 485, 489, 491, 492, 497, 498, 500, 501, 502, 503, 507, 508, 511, 513, 517, 518, 522, 524, 525, 530, 534, 535, 539, 541, 542, 546, 547, 548, 549, 553, 554, 555, 560, 561, 562, 566, 567, 569], "excluded_lines": []}, "": {"executed_lines": [2, 30, 33, 34, 35, 36, 37, 40, 42, 43, 44, 45, 46, 50, 52, 53, 55, 56, 58, 59, 61, 62, 64, 65, 67, 90, 99, 100, 102, 103, 105, 106, 108, 109, 111, 112, 116, 117, 123, 130, 144, 145, 163, 196, 224, 326, 381], "summary": {"covered_lines": 44, "num_statements": 44, "percent_covered": 100.0, "percent_covered_display": "100", "missing_lines": 0, "excluded_lines": 0, "percent_statements_covered": 100.0, "percent_statements_covered_display": "100"}, "missing_lines": [], "excluded_lines": []}}}, "dev/builders/txtbuilder.py": {"executed_lines": [2, 25, 27, 28, 29, 30, 31, 32, 33, 34, 36, 37, 38, 39, 40, 42, 43, 51, 52, 58, 60, 61, 62, 63, 64, 65, 67, 74, 82, 83, 97, 98, 105, 106, 113, 131, 132, 133, 136, 139, 141, 153, 154, 155, 156, 158, 202, 234, 281, 373, 421, 437, 439, 440, 446, 450, 451, 453, 454, 455, 456], "summary": {"covered_lines": 58, "num_statements": 205, "percent_covered": 28.29268292682927, "percent_covered_display": "28", "missing_lines": 147, "excluded_lines": 0, "percent_statements_covered": 28.29268292682927, "percent_statements_covered_display": "28"}, "missing_lines": [168, 169, 171, 172, 173, 174, 176, 177, 179, 180, 182, 184, 185, 186, 187, 188, 189, 190, 191, 194, 195, 196, 197, 200, 212, 213, 215, 216, 218, 220, 221, 225, 227, 228, 229, 232, 245, 246, 249, 250, 251, 253, 255, 257, 258, 260, 261, 264, 265, 266, 267, 270, 271, 273, 274, 279, 295, 296, 297, 298, 300, 302, 305, 308, 316, 317, 318, 320, 321, 322, 325, 328, 331, 332, 333, 335, 338, 340, 341, 346, 348, 349, 353, 355, 356, 357, 365, 366, 367, 368, 371, 384, 386, 389, 390, 392, 393, 394, 395, 397, 398, 408, 409, 410, 412, 414, 415, 416, 419, 447, 458, 459, 462, 464, 466, 468, 469, 470, 473, 474, 475, 476, 478, 479, 482, 483, 484, 486, 487, 489, 491, 492, 493, 494, 496, 499, 501, 502, 503, 505, 508, 509, 510, 512, 514, 515, 519], "excluded_lines": [], "functions": {"ProcessingStats.__init__": {"executed_lines": [60, 61, 62, 63, 64, 65], "summary": {"covered_lines": 6, "num_statements": 6, "percent_covered": 100.0, "percent_covered_display": "100", "missing_lines": 0, "excluded_lines": 0, "percent_statements_covered": 100.0, "percent_statements_covered_display": "100"}, "missing_lines": [], "excluded_lines": []}, "ProcessingStats.summary": {"executed_lines": [74], "summary": {"covered_lines": 1, "num_statements": 1, "percent_covered": 100.0, "percent_covered_display": "100", "missing_lines": 0, "excluded_lines": 0, "percent_statements_covered": 100.0, "percent_statements_covered_display": "100"}, "missing_lines": [], "excluded_lines": []}, "TxtBuilder.__init__": {"executed_lines": [131, 132, 133, 136, 139], "summary": {"covered_lines": 5, "num_statements": 5, "percent_covered": 100.0, "percent_covered_display": "100", "missing_lines": 0, "excluded_lines": 0, "percent_statements_covered": 100.0, "percent_statements_covered_display": "100"}, "missing_lines": [], "excluded_lines": []}, "TxtBuilder._parse_filename": {"executed_lines": [153, 154, 155, 156], "summary": {"covered_lines": 4, "num_statements": 4, "percent_covered": 100.0, "percent_covered_display": "100", "missing_lines": 0, "excluded_lines": 0, "percent_statements_covered": 100.0, "percent_statements_covered_display": "100"}, "missing_lines": [], "excluded_lines": []}, "TxtBuilder._rename_to_standard": {"executed_lines": [], "summary": {"covered_lines": 0, "num_statements": 24, "percent_covered": 0.0, "percent_covered_display": "0", "missing_lines": 24, "excluded_lines": 0, "percent_statements_covered": 0.0, "percent_statements_covered_display": "0"}, "missing_lines": [168, 169, 171, 172, 173, 174, 176, 177, 179, 180, 182, 184, 185, 186, 187, 188, 189, 190, 191, 194, 195, 196, 197, 200], "excluded_lines": []}, "TxtBuilder._get_existing_dates": {"executed_lines": [], "summary": {"covered_lines": 0, "num_statements": 12, "percent_covered": 0.0, "percent_covered_display": "0", "missing_lines": 12, "excluded_lines": 0, "percent_statements_covered": 0.0, "percent_statements_covered_display": "0"}, "missing_lines": [212, 213, 215, 216, 218, 220, 221, 225, 227, 228, 229, 232], "excluded_lines": []}, "TxtBuilder._filter_new_entries": {"executed_lines": [], "summary": {"covered_lines": 0, "num_statements": 20, "percent_covered": 0.0, "percent_covered_display": "0", "missing_lines": 20, "excluded_lines": 0, "percent_statements_covered": 0.0, "percent_statements_covered_display": "0"}, "missing_lines": [245, 246, 249, 250, 251, 253, 255, 257, 258, 260, 261, 264, 265, 266, 267, 270, 271, 273, 274, 279], "excluded_lines": []}, "TxtBuilder._format_file": {"executed_lines": [], "summary": {"covered_lines": 0, "num_statements": 35, "percent_covered": 0.0, "percent_covered_display": "0", "missing_lines": 35, "excluded_lines": 0, "percent_statements_covered": 0.0, "percent_statements_covered_display": "0"}, "missing_lines": [295, 296, 297, 298, 300, 302, 305, 308, 316, 317, 318, 320, 321, 322, 325, 328, 331, 332, 333, 335, 338, 340, 341, 346, 348, 349, 353, 355, 356, 357, 365, 366, 367, 368, 371], "excluded_lines": []}, "TxtBuilder._archive_files": {"executed_lines": [], "summary": {"covered_lines": 0, "num_statements": 18, "percent_covered": 0.0, "percent_covered_display": "0", "missing_lines": 18, "excluded_lines": 0, "percent_statements_covered": 0.0, "percent_statements_covered_display": "0"}, "missing_lines": [384, 386, 389, 390, 392, 393, 394, 395, 397, 398, 408, 409, 410, 412, 414, 415, 416, 419], "excluded_lines": []}, "TxtBuilder.build": {"executed_lines": [437, 439, 440, 446, 450, 451, 453, 454, 455, 456], "summary": {"covered_lines": 10, "num_statements": 48, "percent_covered": 20.833333333333332, "percent_covered_display": "21", "missing_lines": 38, "excluded_lines": 0, "percent_statements_covered": 20.833333333333332, "percent_statements_covered_display": "21"}, "missing_lines": [447, 458, 459, 462, 464, 466, 468, 469, 470, 473, 474, 475, 476, 478, 479, 482, 483, 484, 486, 487, 489, 491, 492, 493, 494, 496, 499, 501, 502, 503, 505, 508, 509, 510, 512, 514, 515, 519], "excluded_lines": []}, "": {"executed_lines": [2, 25, 27, 28, 29, 30, 31, 32, 33, 34, 36, 37, 38, 39, 40, 42, 43, 51, 52, 58, 67, 82, 83, 97, 98, 105, 106, 113, 141, 158, 202, 234, 281, 373, 421], "summary": {"covered_lines": 32, "num_statements": 32, "percent_covered": 100.0, "percent_covered_display": "100", "missing_lines": 0, "excluded_lines": 0, "percent_statements_covered": 100.0, "percent_statements_covered_display": "100"}, "missing_lines": [], "excluded_lines": []}}, "classes": {"ProcessingStats": {"executed_lines": [60, 61, 62, 63, 64, 65, 74], "summary": {"covered_lines": 7, "num_statements": 7, "percent_covered": 100.0, "percent_covered_display": "100", "missing_lines": 0, "excluded_lines": 0, "percent_statements_covered": 100.0, "percent_statements_covered_display": "100"}, "missing_lines": [], "excluded_lines": []}, "TxtBuilder": {"executed_lines": [131, 132, 133, 136, 139, 153, 154, 155, 156, 437, 439, 440, 446, 450, 451, 453, 454, 455, 456], "summary": {"covered_lines": 19, "num_statements": 166, "percent_covered": 11.44578313253012, "percent_covered_display": "11", "missing_lines": 147, "excluded_lines": 0, "percent_statements_covered": 11.44578313253012, "percent_statements_covered_display": "11"}, "missing_lines": [168, 169, 171, 172, 173, 174, 176, 177, 179, 180, 182, 184, 185, 186, 187, 188, 189, 190, 191, 194, 195, 196, 197, 200, 212, 213, 215, 216, 218, 220, 221, 225, 227, 228, 229, 232, 245, 246, 249, 250, 251, 253, 255, 257, 258, 260, 261, 264, 265, 266, 267, 270, 271, 273, 274, 279, 295, 296, 297, 298, 300, 302, 305, 308, 316, 317, 318, 320, 321, 322, 325, 328, 331, 332, 333, 335, 338, 340, 341, 346, 348, 349, 353, 355, 356, 357, 365, 366, 367, 368, 371, 384, 386, 389, 390, 392, 393, 394, 395, 397, 398, 408, 409, 410, 412, 414, 415, 416, 419, 447, 458, 459, 462, 464, 466, 468, 469, 470, 473, 474, 475, 476, 478, 479, 482, 483, 484, 486, 487, 489, 491, 492, 493, 494, 496, 499, 501, 502, 503, 505, 508, 509, 510, 512, 514, 515, 519], "excluded_lines": []}, "": {"executed_lines": [2, 25, 27, 28, 29, 30, 31, 32, 33, 34, 36, 37, 38, 39, 40, 42, 43, 51, 52, 58, 67, 82, 83, 97, 98, 105, 106, 113, 141, 158, 202, 234, 281, 373, 421], "summary": {"covered_lines": 32, "num_statements": 32, "percent_covered": 100.0, "percent_covered_display": "100", "missing_lines": 0, "excluded_lines": 0, "percent_statements_covered": 100.0, "percent_statements_covered_display": "100"}, "missing_lines": [], "excluded_lines": []}}}, "dev/builders/wiki.py": {"executed_lines": [1, 19, 21, 22, 23, 24, 26, 27, 29, 30, 31, 32, 35, 36, 37, 50, 51, 54, 57, 60, 61, 64, 67, 70, 73, 74, 77, 103, 104, 120, 124, 168, 197, 264, 390, 393, 398], "summary": {"covered_lines": 34, "num_statements": 123, "percent_covered": 27.642276422764226, "percent_covered_display": "28", "missing_lines": 89, "excluded_lines": 0, "percent_statements_covered": 27.642276422764226, "percent_statements_covered_display": "28"}, "missing_lines": [89, 91, 93, 94, 95, 98, 100, 122, 149, 154, 157, 160, 162, 163, 164, 166, 190, 192, 195, 221, 223, 231, 237, 238, 239, 240, 242, 253, 254, 256, 257, 258, 260, 262, 292, 293, 297, 299, 300, 305, 307, 310, 312, 313, 314, 315, 316, 318, 319, 321, 326, 329, 331, 332, 333, 334, 336, 337, 340, 341, 342, 344, 345, 349, 350, 351, 352, 353, 354, 357, 360, 362, 363, 364, 365, 371, 372, 373, 374, 375, 376, 380, 381, 386, 395, 411, 412, 414, 415], "excluded_lines": [], "functions": {"write_if_changed": {"executed_lines": [], "summary": {"covered_lines": 0, "num_statements": 7, "percent_covered": 0.0, "percent_covered_display": "0", "missing_lines": 7, "excluded_lines": 0, "percent_statements_covered": 0.0, "percent_statements_covered_display": "0"}, "missing_lines": [89, 91, 93, 94, 95, 98, 100], "excluded_lines": []}, "GenericEntityExporter.__init__": {"executed_lines": [], "summary": {"covered_lines": 0, "num_statements": 1, "percent_covered": 0.0, "percent_covered_display": "0", "missing_lines": 1, "excluded_lines": 0, "percent_statements_covered": 0.0, "percent_statements_covered_display": "0"}, "missing_lines": [122], "excluded_lines": []}, "GenericEntityExporter.export_single": {"executed_lines": [], "summary": {"covered_lines": 0, "num_statements": 8, "percent_covered": 0.0, "percent_covered_display": "0", "missing_lines": 8, "excluded_lines": 0, "percent_statements_covered": 0.0, "percent_statements_covered_display": "0"}, "missing_lines": [149, 154, 157, 160, 162, 163, 164, 166], "excluded_lines": []}, "GenericEntityExporter.build_index": {"executed_lines": [], "summary": {"covered_lines": 0, "num_statements": 3, "percent_covered": 0.0, "percent_covered_display": "0", "missing_lines": 3, "excluded_lines": 0, "percent_statements_covered": 0.0, "percent_statements_covered_display": "0"}, "missing_lines": [190, 192, 195], "excluded_lines": []}, "GenericEntityExporter._build_default_index": {"executed_lines": [], "summary": {"covered_lines": 0, "num_statements": 15, "percent_covered": 0.0, "percent_covered_display": "0", "missing_lines": 15, "excluded_lines": 0, "percent_statements_covered": 0.0, "percent_statements_covered_display": "0"}, "missing_lines": [221, 223, 231, 237, 238, 239, 240, 242, 253, 254, 256, 257, 258, 260, 262], "excluded_lines": []}, "GenericEntityExporter.export_all": {"executed_lines": [], "summary": {"covered_lines": 0, "num_statements": 50, "percent_covered": 0.0, "percent_covered_display": "0", "missing_lines": 50, "excluded_lines": 0, "percent_statements_covered": 0.0, "percent_statements_covered_display": "0"}, "missing_lines": [292, 293, 297, 299, 300, 305, 307, 310, 312, 313, 314, 315, 316, 318, 319, 321, 326, 329, 331, 332, 333, 334, 336, 337, 340, 341, 342, 344, 345, 349, 350, 351, 352, 353, 354, 357, 360, 362, 363, 364, 365, 371, 372, 373, 374, 375, 376, 380, 381, 386], "excluded_lines": []}, "register_entity": {"executed_lines": [], "summary": {"covered_lines": 0, "num_statements": 1, "percent_covered": 0.0, "percent_covered_display": "0", "missing_lines": 1, "excluded_lines": 0, "percent_statements_covered": 0.0, "percent_statements_covered_display": "0"}, "missing_lines": [395], "excluded_lines": []}, "get_exporter": {"executed_lines": [], "summary": {"covered_lines": 0, "num_statements": 4, "percent_covered": 0.0, "percent_covered_display": "0", "missing_lines": 4, "excluded_lines": 0, "percent_statements_covered": 0.0, "percent_statements_covered_display": "0"}, "missing_lines": [411, 412, 414, 415], "excluded_lines": []}, "": {"executed_lines": [1, 19, 21, 22, 23, 24, 26, 27, 29, 30, 31, 32, 35, 36, 37, 50, 51, 54, 57, 60, 61, 64, 67, 70, 73, 74, 77, 103, 104, 120, 124, 168, 197, 264, 390, 393, 398], "summary": {"covered_lines": 34, "num_statements": 34, "percent_covered": 100.0, "percent_covered_display": "100", "missing_lines": 0, "excluded_lines": 0, "percent_statements_covered": 100.0, "percent_statements_covered_display": "100"}, "missing_lines": [], "excluded_lines": []}}, "classes": {"EntityConfig": {"executed_lines": [], "summary": {"covered_lines": 0, "num_statements": 0, "percent_covered": 100.0, "percent_covered_display": "100", "missing_lines": 0, "excluded_lines": 0, "percent_statements_covered": 100.0, "percent_statements_covered_display": "100"}, "missing_lines": [], "excluded_lines": []}, "GenericEntityExporter": {"executed_lines": [], "summary": {"covered_lines": 0, "num_statements": 77, "percent_covered": 0.0, "percent_covered_display": "0", "missing_lines": 77, "excluded_lines": 0, "percent_statements_covered": 0.0, "percent_statements_covered_display": "0"}, "missing_lines": [122, 149, 154, 157, 160, 162, 163, 164, 166, 190, 192, 195, 221, 223, 231, 237, 238, 239, 240, 242, 253, 254, 256, 257, 258, 260, 262, 292, 293, 297, 299, 300, 305, 307, 310, 312, 313, 314, 315, 316, 318, 319, 321, 326, 329, 331, 332, 333, 334, 336, 337, 340, 341, 342, 344, 345, 349, 350, 351, 352, 353, 354, 357, 360, 362, 363, 364, 365, 371, 372, 373, 374, 375, 376, 380, 381, 386], "excluded_lines": []}, "": {"executed_lines": [1, 19, 21, 22, 23, 24, 26, 27, 29, 30, 31, 32, 35, 36, 37, 50, 51, 54, 57, 60, 61, 64, 67, 70, 73, 74, 77, 103, 104, 120, 124, 168, 197, 264, 390, 393, 398], "summary": {"covered_lines": 34, "num_statements": 46, "percent_covered": 73.91304347826087, "percent_covered_display": "74", "missing_lines": 12, "excluded_lines": 0, "percent_statements_covered": 73.91304347826087, "percent_statements_covered_display": "74"}, "missing_lines": [89, 91, 93, 94, 95, 98, 100, 395, 411, 412, 414, 415], "excluded_lines": []}}}, "dev/builders/wiki_indexes.py": {"executed_lines": [1, 18, 20, 21, 22, 23, 25, 26, 30, 37, 108, 180, 265, 342], "summary": {"covered_lines": 13, "num_statements": 142, "percent_covered": 9.154929577464788, "percent_covered_display": "9", "missing_lines": 129, "excluded_lines": 0, "percent_statements_covered": 9.154929577464788, "percent_statements_covered_display": "9"}, "missing_lines": [55, 56, 59, 60, 61, 62, 65, 73, 74, 75, 77, 79, 81, 83, 84, 85, 86, 89, 101, 102, 103, 105, 126, 127, 130, 131, 132, 133, 136, 144, 145, 146, 149, 151, 152, 153, 154, 155, 158, 159, 173, 174, 175, 177, 200, 201, 204, 206, 207, 208, 209, 210, 213, 221, 222, 224, 225, 226, 227, 228, 230, 231, 232, 233, 234, 237, 239, 240, 241, 242, 244, 247, 258, 259, 260, 262, 283, 284, 287, 289, 290, 291, 292, 295, 303, 304, 306, 307, 308, 309, 310, 312, 314, 316, 317, 318, 319, 321, 324, 335, 336, 337, 339, 360, 361, 364, 365, 366, 367, 369, 370, 373, 381, 382, 383, 384, 386, 387, 388, 391, 393, 394, 395, 396, 399, 411, 412, 413, 415], "excluded_lines": [], "functions": {"build_people_index": {"executed_lines": [], "summary": {"covered_lines": 0, "num_statements": 22, "percent_covered": 0.0, "percent_covered_display": "0", "missing_lines": 22, "excluded_lines": 0, "percent_statements_covered": 0.0, "percent_statements_covered_display": "0"}, "missing_lines": [55, 56, 59, 60, 61, 62, 65, 73, 74, 75, 77, 79, 81, 83, 84, 85, 86, 89, 101, 102, 103, 105], "excluded_lines": []}, "build_entries_index": {"executed_lines": [], "summary": {"covered_lines": 0, "num_statements": 22, "percent_covered": 0.0, "percent_covered_display": "0", "missing_lines": 22, "excluded_lines": 0, "percent_statements_covered": 0.0, "percent_statements_covered_display": "0"}, "missing_lines": [126, 127, 130, 131, 132, 133, 136, 144, 145, 146, 149, 151, 152, 153, 154, 155, 158, 159, 173, 174, 175, 177], "excluded_lines": []}, "build_locations_index": {"executed_lines": [], "summary": {"covered_lines": 0, "num_statements": 32, "percent_covered": 0.0, "percent_covered_display": "0", "missing_lines": 32, "excluded_lines": 0, "percent_statements_covered": 0.0, "percent_statements_covered_display": "0"}, "missing_lines": [200, 201, 204, 206, 207, 208, 209, 210, 213, 221, 222, 224, 225, 226, 227, 228, 230, 231, 232, 233, 234, 237, 239, 240, 241, 242, 244, 247, 258, 259, 260, 262], "excluded_lines": []}, "build_cities_index": {"executed_lines": [], "summary": {"covered_lines": 0, "num_statements": 27, "percent_covered": 0.0, "percent_covered_display": "0", "missing_lines": 27, "excluded_lines": 0, "percent_statements_covered": 0.0, "percent_statements_covered_display": "0"}, "missing_lines": [283, 284, 287, 289, 290, 291, 292, 295, 303, 304, 306, 307, 308, 309, 310, 312, 314, 316, 317, 318, 319, 321, 324, 335, 336, 337, 339], "excluded_lines": []}, "build_events_index": {"executed_lines": [], "summary": {"covered_lines": 0, "num_statements": 26, "percent_covered": 0.0, "percent_covered_display": "0", "missing_lines": 26, "excluded_lines": 0, "percent_statements_covered": 0.0, "percent_statements_covered_display": "0"}, "missing_lines": [360, 361, 364, 365, 366, 367, 369, 370, 373, 381, 382, 383, 384, 386, 387, 388, 391, 393, 394, 395, 396, 399, 411, 412, 413, 415], "excluded_lines": []}, "": {"executed_lines": [1, 18, 20, 21, 22, 23, 25, 26, 30, 37, 108, 180, 265, 342], "summary": {"covered_lines": 13, "num_statements": 13, "percent_covered": 100.0, "percent_covered_display": "100", "missing_lines": 0, "excluded_lines": 0, "percent_statements_covered": 100.0, "percent_statements_covered_display": "100"}, "missing_lines": [], "excluded_lines": []}}, "classes": {"": {"executed_lines": [1, 18, 20, 21, 22, 23, 25, 26, 30, 37, 108, 180, 265, 342], "summary": {"covered_lines": 13, "num_statements": 142, "percent_covered": 9.154929577464788, "percent_covered_display": "9", "missing_lines": 129, "excluded_lines": 0, "percent_statements_covered": 9.154929577464788, "percent_statements_covered_display": "9"}, "missing_lines": [55, 56, 59, 60, 61, 62, 65, 73, 74, 75, 77, 79, 81, 83, 84, 85, 86, 89, 101, 102, 103, 105, 126, 127, 130, 131, 132, 133, 136, 144, 145, 146, 149, 151, 152, 153, 154, 155, 158, 159, 173, 174, 175, 177, 200, 201, 204, 206, 207, 208, 209, 210, 213, 221, 222, 224, 225, 226, 227, 228, 230, 231, 232, 233, 234, 237, 239, 240, 241, 242, 244, 247, 258, 259, 260, 262, 283, 284, 287, 289, 290, 291, 292, 295, 303, 304, 306, 307, 308, 309, 310, 312, 314, 316, 317, 318, 319, 321, 324, 335, 336, 337, 339, 360, 361, 364, 365, 366, 367, 369, 370, 373, 381, 382, 383, 384, 386, 387, 388, 391, 393, 394, 395, 396, 399, 411, 412, 413, 415], "excluded_lines": []}}}, "dev/builders/wiki_pages/__init__.py": {"executed_lines": [1, 41, 42, 43, 44, 45, 47], "summary": {"covered_lines": 6, "num_statements": 6, "percent_covered": 100.0, "percent_covered_display": "100", "missing_lines": 0, "excluded_lines": 0, "percent_statements_covered": 100.0, "percent_statements_covered_display": "100"}, "missing_lines": [], "excluded_lines": [], "functions": {"": {"executed_lines": [1, 41, 42, 43, 44, 45, 47], "summary": {"covered_lines": 6, "num_statements": 6, "percent_covered": 100.0, "percent_covered_display": "100", "missing_lines": 0, "excluded_lines": 0, "percent_statements_covered": 100.0, "percent_statements_covered_display": "100"}, "missing_lines": [], "excluded_lines": []}}, "classes": {"": {"executed_lines": [1, 41, 42, 43, 44, 45, 47], "summary": {"covered_lines": 6, "num_statements": 6, "percent_covered": 100.0, "percent_covered_display": "100", "missing_lines": 0, "excluded_lines": 0, "percent_statements_covered": 100.0, "percent_statements_covered_display": "100"}, "missing_lines": [], "excluded_lines": []}}}, "dev/builders/wiki_pages/analysis.py": {"executed_lines": [1, 10, 12, 13, 14, 15, 17, 18, 20, 21, 22, 23, 24, 27], "summary": {"covered_lines": 13, "num_statements": 146, "percent_covered": 8.904109589041095, "percent_covered_display": "9", "missing_lines": 133, "excluded_lines": 0, "percent_statements_covered": 8.904109589041095, "percent_statements_covered_display": "9"}, "missing_lines": [54, 55, 57, 59, 61, 72, 74, 75, 76, 77, 81, 82, 83, 84, 85, 88, 89, 90, 91, 94, 96, 98, 99, 101, 102, 104, 105, 107, 108, 110, 111, 114, 115, 116, 117, 120, 121, 122, 124, 134, 135, 136, 137, 138, 139, 140, 142, 159, 167, 168, 169, 170, 171, 172, 173, 176, 183, 184, 185, 186, 187, 188, 190, 195, 196, 197, 199, 204, 205, 206, 207, 208, 209, 211, 216, 217, 218, 219, 220, 221, 224, 231, 232, 233, 234, 235, 236, 237, 238, 241, 251, 252, 253, 254, 255, 257, 258, 259, 261, 262, 265, 273, 274, 276, 277, 278, 279, 280, 281, 282, 283, 284, 286, 287, 289, 290, 291, 292, 293, 294, 296, 298, 299, 300, 303, 318, 319, 321, 322, 323, 325, 326, 328], "excluded_lines": [], "functions": {"export_analysis_report": {"executed_lines": [], "summary": {"covered_lines": 0, "num_statements": 133, "percent_covered": 0.0, "percent_covered_display": "0", "missing_lines": 133, "excluded_lines": 0, "percent_statements_covered": 0.0, "percent_statements_covered_display": "0"}, "missing_lines": [54, 55, 57, 59, 61, 72, 74, 75, 76, 77, 81, 82, 83, 84, 85, 88, 89, 90, 91, 94, 96, 98, 99, 101, 102, 104, 105, 107, 108, 110, 111, 114, 115, 116, 117, 120, 121, 122, 124, 134, 135, 136, 137, 138, 139, 140, 142, 159, 167, 168, 169, 170, 171, 172, 173, 176, 183, 184, 185, 186, 187, 188, 190, 195, 196, 197, 199, 204, 205, 206, 207, 208, 209, 211, 216, 217, 218, 219, 220, 221, 224, 231, 232, 233, 234, 235, 236, 237, 238, 241, 251, 252, 253, 254, 255, 257, 258, 259, 261, 262, 265, 273, 274, 276, 277, 278, 279, 280, 281, 282, 283, 284, 286, 287, 289, 290, 291, 292, 293, 294, 296, 298, 299, 300, 303, 318, 319, 321, 322, 323, 325, 326, 328], "excluded_lines": []}, "": {"executed_lines": [1, 10, 12, 13, 14, 15, 17, 18, 20, 21, 22, 23, 24, 27], "summary": {"covered_lines": 13, "num_statements": 13, "percent_covered": 100.0, "percent_covered_display": "100", "missing_lines": 0, "excluded_lines": 0, "percent_statements_covered": 100.0, "percent_statements_covered_display": "100"}, "missing_lines": [], "excluded_lines": []}}, "classes": {"": {"executed_lines": [1, 10, 12, 13, 14, 15, 17, 18, 20, 21, 22, 23, 24, 27], "summary": {"covered_lines": 13, "num_statements": 146, "percent_covered": 8.904109589041095, "percent_covered_display": "9", "missing_lines": 133, "excluded_lines": 0, "percent_statements_covered": 8.904109589041095, "percent_statements_covered_display": "9"}, "missing_lines": [54, 55, 57, 59, 61, 72, 74, 75, 76, 77, 81, 82, 83, 84, 85, 88, 89, 90, 91, 94, 96, 98, 99, 101, 102, 104, 105, 107, 108, 110, 111, 114, 115, 116, 117, 120, 121, 122, 124, 134, 135, 136, 137, 138, 139, 140, 142, 159, 167, 168, 169, 170, 171, 172, 173, 176, 183, 184, 185, 186, 187, 188, 190, 195, 196, 197, 199, 204, 205, 206, 207, 208, 209, 211, 216, 217, 218, 219, 220, 221, 224, 231, 232, 233, 234, 235, 236, 237, 238, 241, 251, 252, 253, 254, 255, 257, 258, 259, 261, 262, 265, 273, 274, 276, 277, 278, 279, 280, 281, 282, 283, 284, 286, 287, 289, 290, 291, 292, 293, 294, 296, 298, 299, 300, 303, 318, 319, 321, 322, 323, 325, 326, 328], "excluded_lines": []}}}, "dev/builders/wiki_pages/entries.py": {"executed_lines": [1, 11, 13, 14, 16, 17, 19, 20, 21, 22, 23, 24, 26, 30], "summary": {"covered_lines": 12, "num_statements": 61, "percent_covered": 19.672131147540984, "percent_covered_display": "20", "missing_lines": 49, "excluded_lines": 2, "percent_statements_covered": 19.672131147540984, "percent_statements_covered_display": "20"}, "missing_lines": [55, 57, 58, 60, 62, 65, 66, 67, 68, 69, 70, 71, 72, 74, 77, 80, 82, 83, 84, 85, 87, 88, 91, 92, 93, 95, 97, 98, 101, 106, 109, 112, 114, 115, 116, 117, 118, 119, 121, 122, 124, 126, 127, 128, 129, 135, 136, 140, 144], "excluded_lines": [26, 27], "functions": {"export_entries_with_navigation": {"executed_lines": [], "summary": {"covered_lines": 0, "num_statements": 49, "percent_covered": 0.0, "percent_covered_display": "0", "missing_lines": 49, "excluded_lines": 0, "percent_statements_covered": 0.0, "percent_statements_covered_display": "0"}, "missing_lines": [55, 57, 58, 60, 62, 65, 66, 67, 68, 69, 70, 71, 72, 74, 77, 80, 82, 83, 84, 85, 87, 88, 91, 92, 93, 95, 97, 98, 101, 106, 109, 112, 114, 115, 116, 117, 118, 119, 121, 122, 124, 126, 127, 128, 129, 135, 136, 140, 144], "excluded_lines": []}, "": {"executed_lines": [1, 11, 13, 14, 16, 17, 19
[...]
rcent_covered": 0.0, "percent_covered_display": "0", "missing_lines": 263, "excluded_lines": 0, "percent_statements_covered": 0.0, "percent_statements_covered_display": "0"}, "missing_lines": [31, 33, 34, 35, 36, 38, 39, 42, 43, 46, 47, 48, 49, 50, 51, 54, 55, 58, 59, 60, 61, 62, 63, 65, 66, 67, 69, 71, 72, 73, 74, 75, 77, 78, 80, 82, 83, 85, 87, 88, 90, 93, 97, 107, 110, 124, 136, 137, 139, 157, 159, 160, 170, 172, 173, 175, 176, 177, 188, 189, 201, 203, 205, 206, 207, 218, 220, 221, 233, 234, 235, 236, 246, 257, 259, 269, 272, 273, 274, 275, 276, 279, 281, 282, 291, 292, 303, 305, 308, 309, 310, 321, 322, 323, 334, 344, 346, 361, 363, 364, 373, 376, 378, 379, 381, 382, 385, 386, 398, 399, 400, 410, 412, 413, 425, 426, 437, 438, 439, 440, 451, 452, 462, 463, 474, 484, 486, 498, 500, 501, 510, 512, 513, 514, 523, 526, 527, 539, 540, 552, 553, 554, 564, 567, 568, 578, 579, 588, 589, 600, 602, 613, 615, 616, 625, 628, 630, 631, 632, 641, 644, 645, 655, 656, 667, 668, 669, 680, 682, 693, 695, 696, 705, 708, 709, 710, 722, 723, 724, 736, 737, 738, 748, 750, 760, 763, 764, 765, 767, 768, 770, 771, 773, 774, 776, 777, 780, 781, 783, 784, 785, 789, 790, 792, 793, 795, 796, 798, 799, 801, 803, 810, 811, 813, 814, 815, 817, 818, 820, 821, 822, 823, 825, 828, 838, 839, 840, 841, 842, 845, 846, 849, 850, 851, 852, 853, 854, 857, 858, 860, 861, 864, 865, 866, 867, 868, 869, 871, 872, 874, 875, 876, 877, 879, 880, 882, 883, 884, 885, 886, 888, 890, 892], "excluded_lines": [], "functions": {"MetadataValidationReport.__post_init__": {"executed_lines": [], "summary": {"covered_lines": 0, "num_statements": 2, "percent_covered": 0.0, "percent_covered_display": "0", "missing_lines": 2, "excluded_lines": 0, "percent_statements_covered": 0.0, "percent_statements_covered_display": "0"}, "missing_lines": [66, 67], "excluded_lines": []}, "MetadataValidationReport.add_issue": {"executed_lines": [], "summary": {"covered_lines": 0, "num_statements": 5, "percent_covered": 0.0, "percent_covered_display": "0", "missing_lines": 5, "excluded_lines": 0, "percent_statements_covered": 0.0, "percent_statements_covered_display": "0"}, "missing_lines": [71, 72, 73, 74, 75], "excluded_lines": []}, "MetadataValidationReport.has_errors": {"executed_lines": [], "summary": {"covered_lines": 0, "num_statements": 1, "percent_covered": 0.0, "percent_covered_display": "0", "missing_lines": 1, "excluded_lines": 0, "percent_statements_covered": 0.0, "percent_statements_covered_display": "0"}, "missing_lines": [80], "excluded_lines": []}, "MetadataValidationReport.has_warnings": {"executed_lines": [], "summary": {"covered_lines": 0, "num_statements": 1, "percent_covered": 0.0, "percent_covered_display": "0", "missing_lines": 1, "excluded_lines": 0, "percent_statements_covered": 0.0, "percent_statements_covered_display": "0"}, "missing_lines": [85], "excluded_lines": []}, "MetadataValidationReport.is_healthy": {"executed_lines": [], "summary": {"covered_lines": 0, "num_statements": 1, "percent_covered": 0.0, "percent_covered_display": "0", "missing_lines": 1, "excluded_lines": 0, "percent_statements_covered": 0.0, "percent_statements_covered_display": "0"}, "missing_lines": [90], "excluded_lines": []}, "MetadataValidator.__init__": {"executed_lines": [], "summary": {"covered_lines": 0, "num_statements": 2, "percent_covered": 0.0, "percent_covered_display": "0", "missing_lines": 2, "excluded_lines": 0, "percent_statements_covered": 0.0, "percent_statements_covered_display": "0"}, "missing_lines": [136, 137], "excluded_lines": []}, "MetadataValidator.validate_people_field": {"executed_lines": [], "summary": {"covered_lines": 0, "num_statements": 25, "percent_covered": 0.0, "percent_covered_display": "0", "missing_lines": 25, "excluded_lines": 0, "percent_statements_covered": 0.0, "percent_statements_covered_display": "0"}, "missing_lines": [157, 159, 160, 170, 172, 173, 175, 176, 177, 188, 189, 201, 203, 205, 206, 207, 218, 220, 221, 233, 234, 235, 236, 246, 257], "excluded_lines": []}, "MetadataValidator.validate_locations_field": {"executed_lines": [], "summary": {"covered_lines": 0, "num_statements": 21, "percent_covered": 0.0, "percent_covered_display": "0", "missing_lines": 21, "excluded_lines": 0, "percent_statements_covered": 0.0, "percent_statements_covered_display": "0"}, "missing_lines": [269, 272, 273, 274, 275, 276, 279, 281, 282, 291, 292, 303, 305, 308, 309, 310, 321, 322, 323, 334, 344], "excluded_lines": []}, "MetadataValidator.validate_dates_field": {"executed_lines": [], "summary": {"covered_lines": 0, "num_statements": 29, "percent_covered": 0.0, "percent_covered_display": "0", "missing_lines": 29, "excluded_lines": 0, "percent_statements_covered": 0.0, "percent_statements_covered_display": "0"}, "missing_lines": [361, 363, 364, 373, 376, 378, 379, 381, 382, 385, 386, 398, 399, 400, 410, 412, 413, 425, 426, 437, 438, 439, 440, 451, 452, 462, 463, 474, 484], "excluded_lines": []}, "MetadataValidator.validate_references_field": {"executed_lines": [], "summary": {"covered_lines": 0, "num_statements": 23, "percent_covered": 0.0, "percent_covered_display": "0", "missing_lines": 23, "excluded_lines": 0, "percent_statements_covered": 0.0, "percent_statements_covered_display": "0"}, "missing_lines": [498, 500, 501, 510, 512, 513, 514, 523, 526, 527, 539, 540, 552, 553, 554, 564, 567, 568, 578, 579, 588, 589, 600], "excluded_lines": []}, "MetadataValidator.validate_poems_field": {"executed_lines": [], "summary": {"covered_lines": 0, "num_statements": 17, "percent_covered": 0.0, "percent_covered_display": "0", "missing_lines": 17, "excluded_lines": 0, "percent_statements_covered": 0.0, "percent_statements_covered_display": "0"}, "missing_lines": [613, 615, 616, 625, 628, 630, 631, 632, 641, 644, 645, 655, 656, 667, 668, 669, 680], "excluded_lines": []}, "MetadataValidator.validate_manuscript_field": {"executed_lines": [], "summary": {"covered_lines": 0, "num_statements": 14, "percent_covered": 0.0, "percent_covered_display": "0", "missing_lines": 14, "excluded_lines": 0, "percent_statements_covered": 0.0, "percent_statements_covered_display": "0"}, "missing_lines": [693, 695, 696, 705, 708, 709, 710, 722, 723, 724, 736, 737, 738, 748], "excluded_lines": []}, "MetadataValidator.validate_file": {"executed_lines": [], "summary": {"covered_lines": 0, "num_statements": 26, "percent_covered": 0.0, "percent_covered_display": "0", "missing_lines": 26, "excluded_lines": 0, "percent_statements_covered": 0.0, "percent_statements_covered_display": "0"}, "missing_lines": [760, 763, 764, 765, 767, 768, 770, 771, 773, 774, 776, 777, 780, 781, 783, 784, 785, 789, 790, 792, 793, 795, 796, 798, 799, 801], "excluded_lines": []}, "MetadataValidator.validate_all": {"executed_lines": [], "summary": {"covered_lines": 0, "num_statements": 12, "percent_covered": 0.0, "percent_covered_display": "0", "missing_lines": 12, "excluded_lines": 0, "percent_statements_covered": 0.0, "percent_statements_covered_display": "0"}, "missing_lines": [810, 811, 813, 814, 815, 817, 818, 820, 821, 822, 823, 825], "excluded_lines": []}, "format_metadata_report": {"executed_lines": [], "summary": {"covered_lines": 0, "num_statements": 39, "percent_covered": 0.0, "percent_covered_display": "0", "missing_lines": 39, "excluded_lines": 0, "percent_statements_covered": 0.0, "percent_statements_covered_display": "0"}, "missing_lines": [838, 839, 840, 841, 842, 845, 846, 849, 850, 851, 852, 853, 854, 857, 858, 860, 861, 864, 865, 866, 867, 868, 869, 871, 872, 874, 875, 876, 877, 879, 880, 882, 883, 884, 885, 886, 888, 890, 892], "excluded_lines": []}, "": {"executed_lines": [], "summary": {"covered_lines": 0, "num_statements": 45, "percent_covered": 0.0, "percent_covered_display": "0", "missing_lines": 45, "excluded_lines": 0, "percent_statements_covered": 0.0, "percent_statements_covered_display": "0"}, "missing_lines": [31, 33, 34, 35, 36, 38, 39, 42, 43, 46, 47, 48, 49, 50, 51, 54, 55, 58, 59, 60, 61, 62, 63, 65, 69, 77, 78, 82, 83, 87, 88, 93, 97, 107, 110, 124, 139, 259, 346, 486, 602, 682, 750, 803, 828], "excluded_lines": []}}, "classes": {"MetadataIssue": {"executed_lines": [], "summary": {"covered_lines": 0, "num_statements": 0, "percent_covered": 100.0, "percent_covered_display": "100", "missing_lines": 0, "excluded_lines": 0, "percent_statements_covered": 100.0, "percent_statements_covered_display": "100"}, "missing_lines": [], "excluded_lines": []}, "MetadataValidationReport": {"executed_lines": [], "summary": {"covered_lines": 0, "num_statements": 10, "percent_covered": 0.0, "percent_covered_display": "0", "missing_lines": 10, "excluded_lines": 0, "percent_statements_covered": 0.0, "percent_statements_covered_display": "0"}, "missing_lines": [66, 67, 71, 72, 73, 74, 75, 80, 85, 90], "excluded_lines": []}, "MetadataValidator": {"executed_lines": [], "summary": {"covered_lines": 0, "num_statements": 169, "percent_covered": 0.0, "percent_covered_display": "0", "missing_lines": 169, "excluded_lines": 0, "percent_statements_covered": 0.0, "percent_statements_covered_display": "0"}, "missing_lines": [136, 137, 157, 159, 160, 170, 172, 173, 175, 176, 177, 188, 189, 201, 203, 205, 206, 207, 218, 220, 221, 233, 234, 235, 236, 246, 257, 269, 272, 273, 274, 275, 276, 279, 281, 282, 291, 292, 303, 305, 308, 309, 310, 321, 322, 323, 334, 344, 361, 363, 364, 373, 376, 378, 379, 381, 382, 385, 386, 398, 399, 400, 410, 412, 413, 425, 426, 437, 438, 439, 440, 451, 452, 462, 463, 474, 484, 498, 500, 501, 510, 512, 513, 514, 523, 526, 527, 539, 540, 552, 553, 554, 564, 567, 568, 578, 579, 588, 589, 600, 613, 615, 616, 625, 628, 630, 631, 632, 641, 644, 645, 655, 656, 667, 668, 669, 680, 693, 695, 696, 705, 708, 709, 710, 722, 723, 724, 736, 737, 738, 748, 760, 763, 764, 765, 767, 768, 770, 771, 773, 774, 776, 777, 780, 781, 783, 784, 785, 789, 790, 792, 793, 795, 796, 798, 799, 801, 810, 811, 813, 814, 815, 817, 818, 820, 821, 822, 823, 825], "excluded_lines": []}, "": {"executed_lines": [], "summary": {"covered_lines": 0, "num_statements": 84, "percent_covered": 0.0, "percent_covered_display": "0", "missing_lines": 84, "excluded_lines": 0, "percent_statements_covered": 0.0, "percent_statements_covered_display": "0"}, "missing_lines": [31, 33, 34, 35, 36, 38, 39, 42, 43, 46, 47, 48, 49, 50, 51, 54, 55, 58, 59, 60, 61, 62, 63, 65, 69, 77, 78, 82, 83, 87, 88, 93, 97, 107, 110, 124, 139, 259, 346, 486, 602, 682, 750, 803, 828, 838, 839, 840, 841, 842, 845, 846, 849, 850, 851, 852, 853, 854, 857, 858, 860, 861, 864, 865, 866, 867, 868, 869, 871, 872, 874, 875, 876, 877, 879, 880, 882, 883, 884, 885, 886, 888, 890, 892], "excluded_lines": []}}}, "dev/validators/wiki.py": {"executed_lines": [2, 28, 30, 31, 32, 33, 34, 35, 36, 38, 39, 40, 43, 44, 45, 48, 49, 50, 51, 52, 53, 54, 56, 57, 60, 61, 64, 65, 66, 67, 68, 69, 70, 71, 74, 75, 77, 79, 80, 81, 82, 84, 86, 89, 91, 92, 93, 94, 95, 98, 110, 113, 114, 117, 119, 120, 121, 122, 124, 131, 134, 144, 147, 150, 164, 167, 170, 171, 172, 174, 178, 179, 181, 183, 184, 186, 193, 195, 203, 206, 260, 295, 303, 304, 305, 307, 308, 309, 310, 312, 313, 314, 315, 317, 318, 319, 321, 322, 323, 325, 331, 332, 338, 344, 345, 353, 354, 355, 373, 374, 375, 389, 390, 391, 405], "summary": {"covered_lines": 110, "num_statements": 196, "percent_covered": 56.12244897959184, "percent_covered_display": "56", "missing_lines": 86, "excluded_lines": 2, "percent_statements_covered": 56.12244897959184, "percent_statements_covered_display": "56"}, "missing_lines": [111, 145, 165, 175, 187, 196, 214, 215, 216, 219, 220, 221, 222, 223, 224, 227, 228, 229, 232, 233, 234, 236, 237, 238, 239, 240, 241, 243, 246, 247, 248, 249, 251, 252, 253, 255, 257, 268, 269, 270, 272, 273, 274, 275, 277, 278, 281, 282, 283, 284, 286, 287, 288, 289, 290, 292, 347, 348, 349, 350, 357, 358, 360, 361, 362, 363, 366, 367, 369, 370, 377, 378, 380, 381, 382, 383, 385, 386, 393, 394, 396, 397, 398, 399, 401, 402], "excluded_lines": [405, 406], "functions": {"WikiLink.resolved_target": {"executed_lines": [60, 61], "summary": {"covered_lines": 2, "num_statements": 2, "percent_covered": 100.0, "percent_covered_display": "100", "missing_lines": 0, "excluded_lines": 0, "percent_statements_covered": 100.0, "percent_statements_covered_display": "100"}, "missing_lines": [], "excluded_lines": []}, "ValidationResult.add_link": {"executed_lines": [79, 80, 81, 82, 84], "summary": {"covered_lines": 5, "num_statements": 5, "percent_covered": 100.0, "percent_covered_display": "100", "missing_lines": 0, "excluded_lines": 0, "percent_statements_covered": 100.0, "percent_statements_covered_display": "100"}, "missing_lines": [], "excluded_lines": []}, "ValidationResult.calculate_orphans": {"executed_lines": [89, 91, 92, 93, 94, 95], "summary": {"covered_lines": 6, "num_statements": 6, "percent_covered": 100.0, "percent_covered_display": "100", "missing_lines": 0, "excluded_lines": 0, "percent_statements_covered": 100.0, "percent_statements_covered_display": "100"}, "missing_lines": [], "excluded_lines": []}, "parse_wiki_links": {"executed_lines": [110, 113, 114, 117, 119, 120, 121, 122, 124, 131], "summary": {"covered_lines": 10, "num_statements": 11, "percent_covered": 90.9090909090909, "percent_covered_display": "91", "missing_lines": 1, "excluded_lines": 0, "percent_statements_covered": 90.9090909090909, "percent_statements_covered_display": "91"}, "missing_lines": [111], "excluded_lines": []}, "find_all_wiki_files": {"executed_lines": [144, 147], "summary": {"covered_lines": 2, "num_statements": 3, "percent_covered": 66.66666666666667, "percent_covered_display": "67", "missing_lines": 1, "excluded_lines": 0, "percent_statements_covered": 66.66666666666667, "percent_statements_covered_display": "67"}, "missing_lines": [145], "excluded_lines": []}, "validate_wiki": {"executed_lines": [164, 167, 170, 171, 172, 174, 178, 179, 181, 183, 184, 186, 193, 195, 203], "summary": {"covered_lines": 15, "num_statements": 19, "percent_covered": 78.94736842105263, "percent_covered_display": "79", "missing_lines": 4, "excluded_lines": 0, "percent_statements_covered": 78.94736842105263, "percent_statements_covered_display": "79"}, "missing_lines": [165, 175, 187, 196], "excluded_lines": []}, "print_validation_report": {"executed_lines": [], "summary": {"covered_lines": 0, "num_statements": 31, "percent_covered": 0.0, "percent_covered_display": "0", "missing_lines": 31, "excluded_lines": 0, "percent_statements_covered": 0.0, "percent_statements_covered_display": "0"}, "missing_lines": [214, 215, 216, 219, 220, 221, 222, 223, 224, 227, 228, 229, 232, 233, 234, 236, 237, 238, 239, 240, 241, 243, 246, 247, 248, 249, 251, 252, 253, 255, 257], "excluded_lines": []}, "print_orphans_report": {"executed_lines": [], "summary": {"covered_lines": 0, "num_statements": 19, "percent_covered": 0.0, "percent_covered_display": "0", "missing_lines": 19, "excluded_lines": 0, "percent_statements_covered": 0.0, "percent_statements_covered_display": "0"}, "missing_lines": [268, 269, 270, 272, 273, 274, 275, 277, 278, 281, 282, 283, 284, 286, 287, 288, 289, 290, 292], "excluded_lines": []}, "print_stats_report": {"executed_lines": [303, 304, 305, 307, 308, 309, 310, 312, 313, 314, 315, 317, 318, 319, 321, 322, 323, 325], "summary": {"covered_lines": 18, "num_statements": 18, "percent_covered": 100.0, "percent_covered_display": "100", "missing_lines": 0, "excluded_lines": 0, "percent_statements_covered": 100.0, "percent_statements_covered_display": "100"}, "missing_lines": [], "excluded_lines": []}, "cli": {"executed_lines": [], "summary": {"covered_lines": 0, "num_statements": 4, "percent_covered": 0.0, "percent_covered_display": "0", "missing_lines": 4, "excluded_lines": 0, "percent_statements_covered": 0.0, "percent_statements_covered_display": "0"}, "missing_lines": [347, 348, 349, 350], "excluded_lines": []}, "check": {"executed_lines": [], "summary": {"covered_lines": 0, "num_statements": 10, "percent_covered": 0.0, "percent_covered_display": "0", "missing_lines": 10, "excluded_lines": 0, "percent_statements_covered": 0.0, "percent_statements_covered_display": "0"}, "missing_lines": [357, 358, 360, 361, 362, 363, 366, 367, 369, 370], "excluded_lines": []}, "orphans": {"executed_lines": [], "summary": {"covered_lines": 0, "num_statements": 8, "percent_covered": 0.0, "percent_covered_display": "0", "missing_lines": 8, "excluded_lines": 0, "percent_statements_covered": 0.0, "percent_statements_covered_display": "0"}, "missing_lines": [377, 378, 380, 381, 382, 383, 385, 386], "excluded_lines": []}, "stats": {"executed_lines": [], "summary": {"covered_lines": 0, "num_statements": 8, "percent_covered": 0.0, "percent_covered_display": "0", "missing_lines": 8, "excluded_lines": 0, "percent_statements_covered": 0.0, "percent_statements_covered_display": "0"}, "missing_lines": [393, 394, 396, 397, 398, 399, 401, 402], "excluded_lines": []}, "": {"executed_lines": [2, 28, 30, 31, 32, 33, 34, 35, 36, 38, 39, 40, 43, 44, 45, 48, 49, 50, 51, 52, 53, 54, 56, 57, 64, 65, 66, 67, 68, 69, 70, 71, 74, 75, 77, 86, 98, 134, 150, 206, 260, 295, 331, 332, 338, 344, 345, 353, 354, 355, 373, 374, 375, 389, 390, 391, 405], "summary": {"covered_lines": 52, "num_statements": 52, "percent_covered": 100.0, "percent_covered_display": "100", "missing_lines": 0, "excluded_lines": 2, "percent_statements_covered": 100.0, "percent_statements_covered_display": "100"}, "missing_lines": [], "excluded_lines": [405, 406]}}, "classes": {"WikiValidationError": {"executed_lines": [], "summary": {"covered_lines": 0, "num_statements": 0, "percent_covered": 100.0, "percent_covered_display": "100", "missing_lines": 0, "excluded_lines": 0, "percent_statements_covered": 100.0, "percent_statements_covered_display": "100"}, "missing_lines": [], "excluded_lines": []}, "WikiLink": {"executed_lines": [60, 61], "summary": {"covered_lines": 2, "num_statements": 2, "percent_covered": 100.0, "percent_covered_display": "100", "missing_lines": 0, "excluded_lines": 0, "percent_statements_covered": 100.0, "percent_statements_covered_display": "100"}, "missing_lines": [], "excluded_lines": []}, "ValidationResult": {"executed_lines": [79, 80, 81, 82, 84, 89, 91, 92, 93, 94, 95], "summary": {"covered_lines": 11, "num_statements": 11, "percent_covered": 100.0, "percent_covered_display": "100", "missing_lines": 0, "excluded_lines": 0, "percent_statements_covered": 100.0, "percent_statements_covered_display": "100"}, "missing_lines": [], "excluded_lines": []}, "": {"executed_lines": [2, 28, 30, 31, 32, 33, 34, 35, 36, 38, 39, 40, 43, 44, 45, 48, 49, 50, 51, 52, 53, 54, 56, 57, 64, 65, 66, 67, 68, 69, 70, 71, 74, 75, 77, 86, 98, 110, 113, 114, 117, 119, 120, 121, 122, 124, 131, 134, 144, 147, 150, 164, 167, 170, 171, 172, 174, 178, 179, 181, 183, 184, 186, 193, 195, 203, 206, 260, 295, 303, 304, 305, 307, 308, 309, 310, 312, 313, 314, 315, 317, 318, 319, 321, 322, 323, 325, 331, 332, 338, 344, 345, 353, 354, 355, 373, 374, 375, 389, 390, 391, 405], "summary": {"covered_lines": 97, "num_statements": 183, "percent_covered": 53.005464480874316, "percent_covered_display": "53", "missing_lines": 86, "excluded_lines": 2, "percent_statements_covered": 53.005464480874316, "percent_statements_covered_display": "53"}, "missing_lines": [111, 145, 165, 175, 187, 196, 214, 215, 216, 219, 220, 221, 222, 223, 224, 227, 228, 229, 232, 233, 234, 236, 237, 238, 239, 240, 241, 243, 246, 247, 248, 249, 251, 252, 253, 255, 257, 268, 269, 270, 272, 273, 274, 275, 277, 278, 281, 282, 283, 284, 286, 287, 288, 289, 290, 292, 347, 348, 349, 350, 357, 358, 360, 361, 362, 363, 366, 367, 369, 370, 377, 378, 380, 381, 382, 383, 385, 386, 393, 394, 396, 397, 398, 399, 401, 402], "excluded_lines": [405, 406]}}}}, "totals": {"covered_lines": 6784, "num_statements": 15212, "percent_covered": 44.596371285826976, "percent_covered_display": "45", "missing_lines": 8428, "excluded_lines": 183, "percent_statements_covered": 44.596371285826976, "percent_statements_covered_display": "45"}}